19:55:06: Creating resource group General
19:55:06: Creating resource group Internal
19:55:06: Creating resource group Autodetect
19:55:06: SceneManagerFactory for type 'DefaultSceneManager' registered.
19:55:06: Registering ResourceManager for type Material
19:55:06: Registering ResourceManager for type Mesh
19:55:06: Registering ResourceManager for type Skeleton
19:55:06: MovableObjectFactory for type 'ParticleSystem' registered.
19:55:06: ArchiveFactory for archive type FileSystem registered.
19:55:06: ArchiveFactory for archive type Zip registered.
19:55:06: ArchiveFactory for archive type EmbeddedZip registered.
19:55:06: DDS codec registering
19:55:06: FreeImage version: 3.15.3
19:55:06: This program uses FreeImage, a free, open source image library supporting all common bitmap formats. See http://freeimage.sourceforge.net for details
19:55:06: Supported formats: bmp,ico,jpg,jif,jpeg,jpe,jng,koa,iff,lbm,mng,pbm,pbm,pcd,pcx,pgm,pgm,png,ppm,ppm,ras,tga,targa,tif,tiff,wap,wbmp,wbm,psd,cut,xbm,xpm,gif,hdr,g3,sgi,exr,j2k,j2c,jp2,pfm,pct,pict,pic
19:55:06: Registering ResourceManager for type HighLevelGpuProgram
19:55:06: Registering ResourceManager for type Compositor
19:55:06: MovableObjectFactory for type 'Entity' registered.
19:55:06: MovableObjectFactory for type 'Light' registered.
19:55:06: MovableObjectFactory for type 'BillboardSet' registered.
19:55:06: MovableObjectFactory for type 'ManualObject' registered.
19:55:06: MovableObjectFactory for type 'BillboardChain' registered.
19:55:06: MovableObjectFactory for type 'RibbonTrail' registered.
19:55:06: Loading library /usr/local/lib/OGRE/RenderSystem_GL
19:55:06: Installing plugin: GL RenderSystem
19:55:06: OpenGL Rendering Subsystem created.
19:55:06: Plugin successfully installed
19:55:06: Loading library /usr/local/lib/OGRE/Plugin_ParticleFX
19:55:06: Installing plugin: ParticleFX
19:55:06: Particle Emitter Type 'Point' registered
19:55:06: Particle Emitter Type 'Box' registered
19:55:06: Particle Emitter Type 'Ellipsoid' registered
19:55:06: Particle Emitter Type 'Cylinder' registered
19:55:06: Particle Emitter Type 'Ring' registered
19:55:06: Particle Emitter Type 'HollowEllipsoid' registered
19:55:06: Particle Affector Type 'LinearForce' registered
19:55:06: Particle Affector Type 'ColourFader' registered
19:55:06: Particle Affector Type 'ColourFader2' registered
19:55:06: Particle Affector Type 'ColourImage' registered
19:55:06: Particle Affector Type 'ColourInterpolator' registered
19:55:06: Particle Affector Type 'Scaler' registered
19:55:06: Particle Affector Type 'Rotator' registered
19:55:06: Particle Affector Type 'DirectionRandomiser' registered
19:55:06: Particle Affector Type 'DeflectorPlane' registered
19:55:06: Plugin successfully installed
19:55:06: Loading library /usr/local/lib/OGRE/Plugin_BSPSceneManager
19:55:06: Installing plugin: BSP Scene Manager
19:55:06: Plugin successfully installed
19:55:06: Loading library /usr/local/lib/OGRE/Plugin_CgProgramManager
19:55:06: Installing plugin: Cg Program Manager
19:55:06: Plugin successfully installed
19:55:06: Loading library /usr/local/lib/OGRE/Plugin_PCZSceneManager
19:55:06: Installing plugin: Portal Connected Zone Scene Manager
19:55:06: PCZone Factory Type 'ZoneType_Default' registered
19:55:06: Plugin successfully installed
19:55:06: Loading library /usr/local/lib/OGRE/Plugin_OctreeZone
19:55:06: Installing plugin: Octree Zone Factory
19:55:06: Plugin successfully installed
19:55:06: Loading library /usr/local/lib/OGRE/Plugin_OctreeSceneManager
19:55:06: Installing plugin: Octree Scene Manager
19:55:06: Plugin successfully installed
19:55:06: *-*-* OGRE Initialising
19:55:06: *-*-* Version 1.9.0 (Ghadamon)
19:55:06: Creating resource group Essential
19:55:06: Added resource location '../media/packs/SdkTrays.zip' of type 'Zip' to resource group 'Essential'
19:55:06: Added resource location '../media' of type 'FileSystem' to resource group 'General'
19:55:06: Added resource location '../media/materials/scripts' of type 'FileSystem' to resource group 'General'
19:55:06: Added resource location '../media/materials/textures' of type 'FileSystem' to resource group 'General'
19:55:06: Added resource location '../media/models' of type 'FileSystem' to resource group 'General'
19:55:10: CPU Identifier & Features
19:55:10: -------------------------
19:55:10:  *   CPU ID: AuthenticAMD: AMD A8-4500M APU with Radeon(tm) HD Graphics
19:55:10:  *      SSE: yes
19:55:10:  *     SSE2: yes
19:55:10:  *     SSE3: yes
19:55:10:  *      MMX: yes
19:55:10:  *   MMXEXT: yes
19:55:10:  *    3DNOW: no
19:55:10:  * 3DNOWEXT: no
19:55:10:  *     CMOV: yes
19:55:10:  *      TSC: yes
19:55:10:  *      FPU: yes
19:55:10:  *      PRO: yes
19:55:10:  *       HT: no
19:55:10: -------------------------
19:55:10: ******************************
*** Starting GLX Subsystem ***
******************************
19:55:10: Registering ResourceManager for type Texture
19:55:10: GLRenderSystem::_createRenderWindow "Assignment 1 Render Window", 1024x768 windowed  miscParams: FSAA=0 displayFrequency=60 Hz gamma=No vsync=No 
19:55:10: GLXWindow::create used FBConfigID = 39
19:55:10: GL_VERSION = 4.3.12798 Compatibility Profile Context 13.35.1005
19:55:10: GL_VENDOR = ATI Technologies Inc.
19:55:10: GL_RENDERER = AMD Radeon HD 7640G
19:55:10: GL_EXTENSIONS = GL_AMDX_debug_output GL_AMDX_vertex_shader_tessellator GL_AMD_blend_minmax_factor GL_AMD_conservative_depth GL_AMD_debug_output GL_AMD_depth_clamp_separate GL_AMD_draw_buffers_blend GL_AMD_framebuffer_sample_positions GL_AMD_multi_draw_indirect GL_AMD_name_gen_delete GL_AMD_performance_monitor GL_AMD_pinned_memory GL_AMD_query_buffer_object GL_AMD_sample_positions GL_AMD_seamless_cubemap_per_texture GL_AMD_shader_atomic_counter_ops GL_AMD_shader_stencil_export GL_AMD_shader_trace GL_AMD_texture_cube_map_array GL_AMD_texture_texture4 GL_AMD_transform_feedback3_lines_triangles GL_AMD_vertex_shader_layer GL_AMD_vertex_shader_tessellator GL_AMD_vertex_shader_viewport_index GL_ARB_ES2_compatibility GL_ARB_ES3_compatibility GL_ARB_arrays_of_arrays GL_ARB_base_instance GL_ARB_blend_func_extended GL_ARB_clear_buffer_object GL_ARB_clear_texture GL_ARB_color_buffer_float GL_ARB_compatibility GL_ARB_compressed_texture_pixel_storage GL_ARB_compute_shader GL_ARB_conservative_depth GL_ARB_copy_buffer GL_ARB_copy_image GL_ARB_debug_output GL_ARB_depth_buffer_float GL_ARB_depth_clamp GL_ARB_depth_texture GL_ARB_draw_buffers GL_ARB_draw_buffers_blend GL_ARB_draw_elements_base_vertex GL_ARB_draw_indirect GL_ARB_draw_instanced GL_ARB_explicit_attrib_location GL_ARB_explicit_uniform_location GL_ARB_fragment_coord_conventions GL_ARB_fragment_layer_viewport GL_ARB_fragment_program GL_ARB_fragment_program_shadow GL_ARB_fragment_shader GL_ARB_framebuffer_no_attachments GL_ARB_framebuffer_object GL_ARB_framebuffer_sRGB GL_ARB_geometry_shader4 GL_ARB_get_program_binary GL_ARB_gpu_shader5 GL_ARB_gpu_shader_fp64 GL_ARB_half_float_pixel GL_ARB_half_float_vertex GL_ARB_imaging GL_ARB_instanced_arrays GL_ARB_internalformat_query GL_ARB_internalformat_query2 GL_ARB_invalidate_subdata GL_ARB_map_buffer_alignment GL_ARB_map_buffer_range GL_ARB_multi_bind GL_ARB_multi_draw_indirect GL_ARB_multisample GL_ARB_multitexture GL_ARB_occlusion_query GL_ARB_occlusion_query2 GL_ARB_pixel_buffer_object GL_ARB_point_parameters GL_ARB_point_sprite GL_ARB_program_interface_query GL_ARB_provoking_vertex GL_ARB_query_buffer_object GL_ARB_sample_shading GL_ARB_sampler_objects GL_ARB_seamless_cube_map GL_ARB_seamless_cubemap_per_texture GL_ARB_separate_shader_objects GL_ARB_shader_atomic_counters GL_ARB_shader_bit_encoding GL_ARB_shader_image_load_store GL_ARB_shader_image_size GL_ARB_shader_objects GL_ARB_shader_precision GL_ARB_shader_stencil_export GL_ARB_shader_storage_buffer_object GL_ARB_shader_subroutine GL_ARB_shader_texture_lod GL_ARB_shading_language_100 GL_ARB_shading_language_420pack GL_ARB_shading_language_packing GL_ARB_shadow GL_ARB_shadow_ambient GL_ARB_stencil_texturing GL_ARB_sync GL_ARB_tessellation_shader GL_ARB_texture_border_clamp GL_ARB_texture_buffer_object GL_ARB_texture_buffer_object_rgb32 GL_ARB_texture_buffer_range GL_ARB_texture_compression GL_ARB_texture_compression_bptc GL_ARB_texture_compression_rgtc GL_ARB_texture_cube_map GL_ARB_texture_cube_map_array GL_ARB_texture_env_add GL_ARB_texture_env_combine GL_ARB_texture_env_crossbar GL_ARB_texture_env_dot3 GL_ARB_texture_float GL_ARB_texture_gather GL_ARB_texture_mirror_clamp_to_edge GL_ARB_texture_mirrored_repeat GL_ARB_texture_multisample GL_ARB_texture_non_power_of_two GL_ARB_texture_query_levels GL_ARB_texture_query_lod GL_ARB_texture_rectangle GL_ARB_texture_rg GL_ARB_texture_rgb10_a2ui GL_ARB_texture_snorm GL_ARB_texture_storage GL_ARB_texture_storage_multisample GL_ARB_texture_swizzle GL_ARB_texture_view GL_ARB_timer_query GL_ARB_transform_feedback2 GL_ARB_transform_feedback3 GL_ARB_transform_feedback_instanced GL_ARB_transpose_matrix GL_ARB_uniform_buffer_object GL_ARB_vertex_array_bgra GL_ARB_vertex_array_object GL_ARB_vertex_attrib_64bit GL_ARB_vertex_attrib_binding GL_ARB_vertex_buffer_object GL_ARB_vertex_program GL_ARB_vertex_shader GL_ARB_vertex_type_10f_11f_11f_rev GL_ARB_vertex_type_2_10_10_10_rev GL_ARB_viewport_array GL_ARB_window_pos GL_ATI_draw_buffers GL_ATI_envmap_bumpmap GL_ATI_fragment_shader GL_ATI_meminfo GL_ATI_separate_stencil GL_ATI_texture_compression_3dc GL_ATI_texture_env_combine3 GL_ATI_texture_float GL_ATI_texture_mirror_once GL_EXT_abgr GL_EXT_bgra GL_EXT_bindable_uniform GL_EXT_blend_color GL_EXT_blend_equation_separate GL_EXT_blend_func_separate GL_EXT_blend_minmax GL_EXT_blend_subtract GL_EXT_compiled_vertex_array GL_EXT_copy_buffer GL_EXT_copy_texture GL_EXT_direct_state_access GL_EXT_draw_buffers2 GL_EXT_draw_instanced GL_EXT_draw_range_elements GL_EXT_fog_coord GL_EXT_framebuffer_blit GL_EXT_framebuffer_multisample GL_EXT_framebuffer_object GL_EXT_framebuffer_sRGB GL_EXT_geometry_shader4 GL_EXT_gpu_program_parameters GL_EXT_gpu_shader4 GL_EXT_histogram GL_EXT_multi_draw_arrays GL_EXT_packed_depth_stencil GL_EXT_packed_float GL_EXT_packed_pixels GL_EXT_pixel_buffer_object GL_EXT_point_parameters GL_EXT_provoking_vertex GL_EXT_rescale_normal GL_EXT_secondary_color GL_EXT_separate_specular_color GL_EXT_shader_image_load_store GL_EXT_shader_integer_mix GL_EXT_shadow_funcs GL_EXT_stencil_wrap GL_EXT_subtexture GL_EXT_texgen_reflection GL_EXT_texture3D GL_EXT_texture_array GL_EXT_texture_buffer_object GL_EXT_texture_compression_bptc GL_EXT_texture_compression_latc GL_EXT_texture_compression_rgtc GL_EXT_texture_compression_s3tc GL_EXT_texture_cube_map GL_EXT_texture_edge_clamp GL_EXT_texture_env_add GL_EXT_texture_env_combine GL_EXT_texture_env_dot3 GL_EXT_texture_filter_anisotropic GL_EXT_texture_integer GL_EXT_texture_lod GL_EXT_texture_lod_bias GL_EXT_texture_mirror_clamp GL_EXT_texture_object GL_EXT_texture_rectangle GL_EXT_texture_sRGB GL_EXT_texture_sRGB_decode GL_EXT_texture_shared_exponent GL_EXT_texture_snorm GL_EXT_texture_storage GL_EXT_texture_swizzle GL_EXT_timer_query GL_EXT_transform_feedback GL_EXT_vertex_array GL_EXT_vertex_array_bgra GL_EXT_vertex_attrib_64bit GL_IBM_texture_mirrored_repeat GL_KHR_debug GL_KTX_buffer_region GL_NV_blend_square GL_NV_conditional_render GL_NV_copy_depth_to_color GL_NV_copy_image GL_NV_depth_buffer_float GL_NV_explicit_multisample GL_NV_float_buffer GL_NV_half_float GL_NV_primitive_restart GL_NV_texgen_reflection GL_NV_texture_barrier GL_SGIS_generate_mipmap GL_SGIS_texture_edge_clamp GL_SGIS_texture_lod GL_SUN_multi_draw_arrays GL_WIN_swap_hint
19:55:10: Supported GLX extensions: GLX_ARB_create_context GLX_ARB_create_context_profile GLX_ARB_get_proc_address GLX_ARB_multisample GLX_EXT_import_context GLX_EXT_swap_control GLX_EXT_visual_info GLX_EXT_visual_rating GLX_MESA_swap_control GLX_NV_swap_group GLX_OML_swap_method GLX_SGI_make_current_read GLX_SGI_swap_control GLX_SGI_video_sync GLX_SGIS_multisample GLX_SGIX_fbconfig GLX_SGIX_pbuffer GLX_SGIX_swap_barrier GLX_SGIX_swap_group GLX_SGIX_visual_select_group GLX_EXT_texture_from_pixmap GLX_EXT_buffer_age 
19:55:10: ***************************
19:55:10: *** GL Renderer Started ***
19:55:10: ***************************
19:55:10: Registering ResourceManager for type GpuProgram
19:55:10: GLSL support detected
19:55:10: GL: Using GL_EXT_framebuffer_object for rendering to textures (best)
19:55:10: FBO PF_UNKNOWN depth/stencil support: D0S1 D0S4 D0S8 D0S16 D16S0 D24S0 D32S0 Packed-D24S8 
19:55:10: FBO PF_L8 depth/stencil support: D0S0 D0S1 D0S4 D0S8 D0S16 D16S0 D24S0 D32S0 Packed-D24S8 
19:55:10: FBO PF_L16 depth/stencil support: D0S0 D0S1 D0S4 D0S8 D0S16 D16S0 D24S0 D32S0 Packed-D24S8 
19:55:10: FBO PF_A8 depth/stencil support: D0S0 D0S1 D0S4 D0S8 D0S16 D16S0 D24S0 D32S0 Packed-D24S8 
19:55:10: FBO PF_A4L4 depth/stencil support: D0S0 D0S1 D0S4 D0S8 D0S16 D16S0 D24S0 D32S0 Packed-D24S8 
19:55:10: FBO PF_BYTE_LA depth/stencil support: D0S0 D0S1 D0S4 D0S8 D0S16 D16S0 D24S0 D32S0 Packed-D24S8 
19:55:10: FBO PF_R5G6B5 depth/stencil support: D0S0 D0S1 D0S4 D0S8 D0S16 D16S0 D24S0 D32S0 Packed-D24S8 
19:55:10: FBO PF_B5G6R5 depth/stencil support: D0S0 D0S1 D0S4 D0S8 D0S16 D16S0 D24S0 D32S0 Packed-D24S8 
19:55:10: FBO PF_A4R4G4B4 depth/stencil support: D0S0 D0S1 D0S4 D0S8 D0S16 D16S0 D24S0 D32S0 Packed-D24S8 
19:55:10: FBO PF_A1R5G5B5 depth/stencil support: D0S0 D0S1 D0S4 D0S8 D0S16 D16S0 D24S0 D32S0 Packed-D24S8 
19:55:10: FBO PF_R8G8B8 depth/stencil support: D0S0 D0S1 D0S4 D0S8 D0S16 D16S0 D24S0 D32S0 Packed-D24S8 
19:55:10: FBO PF_B8G8R8 depth/stencil support: D0S0 D0S1 D0S4 D0S8 D0S16 D16S0 D24S0 D32S0 Packed-D24S8 
19:55:10: FBO PF_A8R8G8B8 depth/stencil support: D0S0 D0S1 D0S4 D0S8 D0S16 D16S0 D24S0 D32S0 Packed-D24S8 
19:55:10: FBO PF_B8G8R8A8 depth/stencil support: D0S0 D0S1 D0S4 D0S8 D0S16 D16S0 D24S0 D32S0 Packed-D24S8 
19:55:10: FBO PF_A2R10G10B10 depth/stencil support: D0S0 D0S1 D0S4 D0S8 D0S16 D16S0 D24S0 D32S0 Packed-D24S8 
19:55:10: FBO PF_A2B10G10R10 depth/stencil support: D0S0 D0S1 D0S4 D0S8 D0S16 D16S0 D24S0 D32S0 Packed-D24S8 
19:55:10: FBO PF_FLOAT16_RGB depth/stencil support: D0S0 D0S1 D0S4 D0S8 D0S16 D16S0 D24S0 D32S0 Packed-D24S8 
19:55:10: FBO PF_FLOAT16_RGBA depth/stencil support: D0S0 D0S1 D0S4 D0S8 D0S16 D16S0 D24S0 D32S0 Packed-D24S8 
19:55:10: FBO PF_FLOAT32_RGB depth/stencil support: D0S0 D0S1 D0S4 D0S8 D0S16 D16S0 D24S0 D32S0 Packed-D24S8 
19:55:10: FBO PF_FLOAT32_RGBA depth/stencil support: D0S0 D0S1 D0S4 D0S8 D0S16 D16S0 D24S0 D32S0 Packed-D24S8 
19:55:10: FBO PF_X8R8G8B8 depth/stencil support: D0S0 D0S1 D0S4 D0S8 D0S16 D16S0 D24S0 D32S0 Packed-D24S8 
19:55:10: FBO PF_X8B8G8R8 depth/stencil support: D0S0 D0S1 D0S4 D0S8 D0S16 D16S0 D24S0 D32S0 Packed-D24S8 
19:55:10: FBO PF_SHORT_RGBA depth/stencil support: D0S0 D0S1 D0S4 D0S8 D0S16 D16S0 D24S0 D32S0 Packed-D24S8 
19:55:10: FBO PF_R3G3B2 depth/stencil support: D0S0 D0S1 D0S4 D0S8 D0S16 D16S0 D24S0 D32S0 Packed-D24S8 
19:55:10: FBO PF_FLOAT16_R depth/stencil support: D0S0 D0S1 D0S4 D0S8 D0S16 D16S0 D24S0 D32S0 Packed-D24S8 
19:55:10: FBO PF_FLOAT32_R depth/stencil support: D0S0 D0S1 D0S4 D0S8 D0S16 D16S0 D24S0 D32S0 Packed-D24S8 
19:55:10: FBO PF_SHORT_GR depth/stencil support: D0S0 D0S1 D0S4 D0S8 D0S16 D16S0 D24S0 D32S0 Packed-D24S8 
19:55:10: FBO PF_FLOAT16_GR depth/stencil support: D0S0 D0S1 D0S4 D0S8 D0S16 D16S0 D24S0 D32S0 Packed-D24S8 
19:55:10: FBO PF_FLOAT32_GR depth/stencil support: D0S0 D0S1 D0S4 D0S8 D0S16 D16S0 D24S0 D32S0 Packed-D24S8 
19:55:10: FBO PF_SHORT_RGB depth/stencil support: D0S0 D0S1 D0S4 D0S8 D0S16 D16S0 D24S0 D32S0 Packed-D24S8 
19:55:10: [GL] : Valid FBO targets PF_UNKNOWN PF_L8 PF_L16 PF_A8 PF_A4L4 PF_BYTE_LA PF_R5G6B5 PF_B5G6R5 PF_A4R4G4B4 PF_A1R5G5B5 PF_R8G8B8 PF_B8G8R8 PF_A8R8G8B8 PF_B8G8R8A8 PF_A2R10G10B10 PF_A2B10G10R10 PF_FLOAT16_RGB PF_FLOAT16_RGBA PF_FLOAT32_RGB PF_FLOAT32_RGBA PF_X8R8G8B8 PF_X8B8G8R8 PF_SHORT_RGBA PF_R3G3B2 PF_FLOAT16_R PF_FLOAT32_R PF_SHORT_GR PF_FLOAT16_GR PF_FLOAT32_GR PF_SHORT_RGB 
19:55:10: RenderSystem capabilities
19:55:10: -------------------------
19:55:10: RenderSystem Name: OpenGL Rendering Subsystem
19:55:10: GPU Vendor: amd
19:55:10: Device Name: AMD Radeon HD 7640G
19:55:10: Driver Version: 4.3.12798.0
19:55:10:  * Fixed function pipeline: yes
19:55:10:  * Hardware generation of mipmaps: no
19:55:10:  * Texture blending: yes
19:55:10:  * Anisotropic texture filtering: yes
19:55:10:  * Dot product texture operation: yes
19:55:10:  * Cube mapping: yes
19:55:10:  * Hardware stencil buffer: yes
19:55:10:    - Stencil depth: 8
19:55:10:    - Two sided stencil support: yes
19:55:10:    - Wrap stencil values: yes
19:55:10:  * Hardware vertex / index buffers: yes
19:55:10:  * 32-bit index buffers: yes
19:55:10:  * Vertex programs: yes
19:55:10:  * Number of floating-point constants for vertex programs: 256
19:55:10:  * Number of integer constants for vertex programs: 0
19:55:10:  * Number of boolean constants for vertex programs: 0
19:55:10:  * Fragment programs: yes
19:55:10:  * Number of floating-point constants for fragment programs: 256
19:55:10:  * Number of integer constants for fragment programs: 0
19:55:10:  * Number of boolean constants for fragment programs: 0
19:55:10:  * Geometry programs: yes
19:55:10:  * Number of floating-point constants for geometry programs: 16384
19:55:10:  * Number of integer constants for geometry programs: 0
19:55:10:  * Number of boolean constants for geometry programs: 0
19:55:10:  * Tesselation Hull programs: no
19:55:10:  * Number of floating-point constants for tesselation hull programs: 29117
19:55:10:  * Number of integer constants for tesselation hull programs: 62251
19:55:10:  * Number of boolean constants for tesselation hull programs: 13622
19:55:10:  * Tesselation Domain programs: no
19:55:10:  * Number of floating-point constants for tesselation domain programs: 58753
19:55:10:  * Number of integer constants for tesselation domain programs: 30305
19:55:10:  * Number of boolean constants for tesselation domain programs: 60482
19:55:10:  * Compute programs: no
19:55:10:  * Number of floating-point constants for compute programs: 8702
19:55:10:  * Number of integer constants for compute programs: 4608
19:55:10:  * Number of boolean constants for compute programs: 17550
19:55:10:  * Supported Shader Profiles: arbfp1 arbvp1 glsl glsl100 glsl110 glsl120 gp4gp gpu_gp nvgp4 ps_1_1 ps_1_2 ps_1_3 ps_1_4
19:55:10:  * Texture Compression: yes
19:55:10:    - DXT: yes
19:55:10:    - VTC: no
19:55:10:    - PVRTC: no
19:55:10:    - ATC: no
19:55:10:    - ETC1: no
19:55:10:    - ETC2: no
19:55:10:    - BC4/BC5: no
19:55:10:    - BC6H/BC7: no
19:55:10:  * Scissor Rectangle: yes
19:55:10:  * Hardware Occlusion Query: yes
19:55:10:  * User clip planes: yes
19:55:10:  * VET_UBYTE4 vertex element type: yes
19:55:10:  * Infinite far plane projection: yes
19:55:10:  * Hardware render-to-texture: yes
19:55:10:  * Floating point textures: yes
19:55:10:  * Non-power-of-two textures: yes
19:55:10:  * 1d textures: yes
19:55:10:  * Volume textures: yes
19:55:10:  * Multiple Render Targets: 8
19:55:10:    - With different bit depths: yes
19:55:10:  * Point Sprites: yes
19:55:10:  * Extended point parameters: yes
19:55:10:  * Max Point Size: 8192
19:55:10:  * Vertex texture fetch: yes
19:55:10:  * Number of world matrices: 0
19:55:10:  * Number of texture units: 16
19:55:10:  * Stencil buffer depth: 8
19:55:10:  * Number of vertex blend matrices: 0
19:55:10:    - Max vertex textures: 18
19:55:10:    - Vertex textures shared: yes
19:55:10:  * Render to Vertex Buffer : no
19:55:10:  * Hardware Atomic Counters: no
19:55:10:  * GL 1.5 without VBO workaround: no
19:55:10:  * Frame Buffer objects: yes
19:55:10:  * Frame Buffer objects (ARB extension): no
19:55:10:  * Frame Buffer objects (ATI extension): no
19:55:10:  * PBuffer support: yes
19:55:10:  * GL 1.5 without HW-occlusion workaround: no
19:55:10:  * Vertex Array Objects: no
19:55:10:  * Separate shader objects: no
19:55:10: DefaultWorkQueue('Root') initialising on thread 7f67a60f57c0.
19:55:10: DefaultWorkQueue('Root')::WorkerFunc - thread 7f679ad38700 starting.
19:55:10: DefaultWorkQueue('Root')::WorkerFunc - thread 7f679a537700 starting.
19:55:10: DefaultWorkQueue('Root')::WorkerFunc - thread 7f6799d36700 starting.
19:55:10: DefaultWorkQueue('Root')::WorkerFunc - thread 7f6799535700 starting.
19:55:10: Particle Renderer Type 'billboard' registered
19:55:10: SceneManagerFactory for type 'BspSceneManager' registered.
19:55:10: Registering ResourceManager for type BspLevel
19:55:10: SceneManagerFactory for type 'PCZSceneManager' registered.
19:55:10: MovableObjectFactory for type 'PCZLight' registered.
19:55:10: MovableObjectFactory for type 'Portal' registered.
19:55:10: MovableObjectFactory for type 'AntiPortal' registered.
19:55:10: PCZone Factory Type 'ZoneType_Octree' registered
19:55:10: SceneManagerFactory for type 'OctreeSceneManager' registered.
19:55:10: OverlayElementFactory for type Panel registered.
19:55:10: OverlayElementFactory for type BorderPanel registered.
19:55:10: OverlayElementFactory for type TextArea registered.
19:55:10: Registering ResourceManager for type Font
19:55:10: Parsing scripts for resource group Autodetect
19:55:10: Finished parsing scripts for resource group Autodetect
19:55:10: Creating resources for group Autodetect
19:55:10: All done
19:55:10: Parsing scripts for resource group Essential
19:55:10: Parsing script SdkTrays.material
19:55:10: Parsing script SdkTrays.fontdef
19:55:10: Parsing script SdkTrays.overlay
19:55:10: Bad element attribute line: '# you can offset the image to change the cursor "hotspot"' for element SdkTrays/Cursor in overlay 
19:55:10: Texture: sdk_cursor.png: Loading 1 faces(PF_A8R8G8B8,32x32x1) with 5 generated mipmaps from Image. Internal format is PF_A8R8G8B8,32x32x1.
19:55:10: Texture: sdk_tray.png: Loading 1 faces(PF_A8R8G8B8,64x64x1) with 5 generated mipmaps from Image. Internal format is PF_A8R8G8B8,64x64x1.
19:55:10: Texture: sdk_button_up.png: Loading 1 faces(PF_A8R8G8B8,128x32x1) with 5 generated mipmaps from Image. Internal format is PF_A8R8G8B8,128x32x1.
19:55:10: Texture: sdk_text_box.png: Loading 1 faces(PF_A8R8G8B8,32x32x1) with 5 generated mipmaps from Image. Internal format is PF_A8R8G8B8,32x32x1.
19:55:10: Texture: sdk_mini_tray.png: Loading 1 faces(PF_A8R8G8B8,32x32x1) with 5 generated mipmaps from Image. Internal format is PF_A8R8G8B8,32x32x1.
19:55:10: Texture: sdk_track.png: Loading 1 faces(PF_A8R8G8B8,16x32x1) with 5 generated mipmaps from Image. Internal format is PF_A8R8G8B8,16x32x1.
19:55:10: Texture: sdk_handle.png: Loading 1 faces(PF_A8R8G8B8,16x16x1) with 4 generated mipmaps from Image. Internal format is PF_A8R8G8B8,16x16x1.
19:55:10: Texture: sdk_mini_text_box.png: Loading 1 faces(PF_A8R8G8B8,32x32x1) with 5 generated mipmaps from Image. Internal format is PF_A8R8G8B8,32x32x1.
19:55:10: Texture: sdk_label.png: Loading 1 faces(PF_A8R8G8B8,32x32x1) with 5 generated mipmaps from Image. Internal format is PF_A8R8G8B8,32x32x1.
19:55:10: Texture: sdk_separator.png: Loading 1 faces(PF_A8R8G8B8,64x16x1) with 5 generated mipmaps from Image. Internal format is PF_A8R8G8B8,64x16x1.
19:55:10: Texture: sdk_logo.png: Loading 1 faces(PF_A8R8G8B8,128x64x1) with 5 generated mipmaps from Image. Internal format is PF_A8R8G8B8,128x64x1.
19:55:10: Texture: sdk_shade.png: Loading 1 faces(PF_A8R8G8B8,64x48x1) with 5 generated mipmaps from Image. Internal format is PF_A8R8G8B8,64x48x1.
19:55:10: Texture: sdk_frame.png: Loading 1 faces(PF_A8R8G8B8,32x32x1) with 5 generated mipmaps from Image. Internal format is PF_A8R8G8B8,32x32x1.
19:55:10: Texture: sdk_mini_text_box_over.png: Loading 1 faces(PF_A8R8G8B8,32x32x1) with 5 generated mipmaps from Image. Internal format is PF_A8R8G8B8,32x32x1.
19:55:10: Texture: sdk_pulse.png: Loading 1 faces(PF_R8G8B8,8x1x1) with 3 generated mipmaps from Image. Internal format is PF_X8R8G8B8,8x1x1.
19:55:10: Finished parsing scripts for resource group Essential
19:55:10: Creating resources for group Essential
19:55:10: All done
19:55:10: Parsing scripts for resource group General
19:55:10: Parsing script Examples.material
19:55:10: Finished parsing scripts for resource group General
19:55:10: Creating resources for group General
19:55:10: All done
19:55:10: Parsing scripts for resource group Internal
19:55:10: Finished parsing scripts for resource group Internal
19:55:10: Creating resources for group Internal
19:55:10: All done
19:55:10: Mesh: Loading sphere.mesh.
19:55:10: Texture: eyeball.png: Loading 1 faces(PF_A8R8G8B8,512x512x1) with 5 generated mipmaps from Image. Internal format is PF_A8R8G8B8,512x512x1.
19:55:10: 0.92 -0.66 0.54
19:55:10: Texture: rockwall.tga: Loading 1 faces(PF_R8G8B8,256x256x1) with 5 generated mipmaps from Image. Internal format is PF_X8R8G8B8,256x256x1.
19:55:10: *** Initializing OIS ***
19:55:10: OGRE EXCEPTION(7:InternalErrorException): Cannot load GL vertex program Ogre/ShadowExtrudeDirLightFiniteDebug.  Line 295:
line 12: undefined variable in Ogre/ShadowExtrudeDirLightFiniteDebug at /home/luke/code/ogre/ogre/RenderSystems/GL/src/OgreGLGpuProgram.cpp (line 251)
19:55:10: Gpu program Ogre/ShadowExtrudeDirLightFiniteDebug encountered an error during loading and is thus not supported.
19:55:10: Texture: spot_shadow_fade.png: Loading 1 faces(PF_R8G8B8,128x128x1) with 5 generated mipmaps from Image. Internal format is PF_X8R8G8B8,128x128x1.
19:55:10: GLHardwareVertexBuffer::lock - Error: failed to Discard the buffer. Try to recreate the buffer
19:55:10: Font SdkTrays/Caption using texture size 512x256
19:55:10: Info: Freetype returned null for character 160 in font SdkTrays/Caption
19:55:10: Texture: SdkTrays/CaptionTexture: Loading 1 faces(PF_BYTE_LA,512x256x1) with 0 generated mipmaps from Image. Internal format is PF_BYTE_LA,512x256x1.
19:55:10: Font SdkTrays/Value using texture size 512x256
19:55:10: Info: Freetype returned null for character 127 in font SdkTrays/Value
19:55:10: Info: Freetype returned null for character 128 in font SdkTrays/Value
19:55:10: Info: Freetype returned null for character 129 in font SdkTrays/Value
19:55:10: Info: Freetype returned null for character 130 in font SdkTrays/Value
19:55:10: Info: Freetype returned null for character 131 in font SdkTrays/Value
19:55:10: Info: Freetype returned null for character 132 in font SdkTrays/Value
19:55:10: Info: Freetype returned null for character 133 in font SdkTrays/Value
19:55:10: Info: Freetype returned null for character 134 in font SdkTrays/Value
19:55:10: Info: Freetype returned null for character 135 in font SdkTrays/Value
19:55:10: Info: Freetype returned null for character 136 in font SdkTrays/Value
19:55:10: Info: Freetype returned null for character 137 in font SdkTrays/Value
19:55:10: Info: Freetype returned null for character 138 in font SdkTrays/Value
19:55:10: Info: Freetype returned null for character 139 in font SdkTrays/Value
19:55:10: Info: Freetype returned null for character 140 in font SdkTrays/Value
19:55:10: Info: Freetype returned null for character 141 in font SdkTrays/Value
19:55:10: Info: Freetype returned null for character 142 in font SdkTrays/Value
19:55:10: Info: Freetype returned null for character 143 in font SdkTrays/Value
19:55:10: Info: Freetype returned null for character 144 in font SdkTrays/Value
19:55:10: Info: Freetype returned null for character 145 in font SdkTrays/Value
19:55:10: Info: Freetype returned null for character 146 in font SdkTrays/Value
19:55:10: Info: Freetype returned null for character 147 in font SdkTrays/Value
19:55:10: Info: Freetype returned null for character 148 in font SdkTrays/Value
19:55:10: Info: Freetype returned null for character 149 in font SdkTrays/Value
19:55:10: Info: Freetype returned null for character 150 in font SdkTrays/Value
19:55:10: Info: Freetype returned null for character 151 in font SdkTrays/Value
19:55:10: Info: Freetype returned null for character 152 in font SdkTrays/Value
19:55:10: Info: Freetype returned null for character 153 in font SdkTrays/Value
19:55:10: Info: Freetype returned null for character 154 in font SdkTrays/Value
19:55:10: Info: Freetype returned null for character 155 in font SdkTrays/Value
19:55:10: Info: Freetype returned null for character 156 in font SdkTrays/Value
19:55:10: Info: Freetype returned null for character 157 in font SdkTrays/Value
19:55:10: Info: Freetype returned null for character 158 in font SdkTrays/Value
19:55:10: Info: Freetype returned null for character 159 in font SdkTrays/Value
19:55:10: Info: Freetype returned null for character 160 in font SdkTrays/Value
19:55:10: Texture: SdkTrays/ValueTexture: Loading 1 faces(PF_BYTE_LA,512x256x1) with 0 generated mipmaps from Image. Internal format is PF_BYTE_LA,512x256x1.
19:55:10: GLHardwareVertexBuffer::lock - Error: failed to Discard the buffer. Try to recreate the buffer
19:55:10: GLHardwareVertexBuffer::lock - Error: failed to Discard the buffer. Try to recreate the buffer
19:55:11: GLHardwareVertexBuffer::lock - Error: failed to Discard the buffer. Try to recreate the buffer
19:55:11: GLHardwareVertexBuffer::lock - Error: failed to Discard the buffer. Try to recreate the buffer
19:55:11: GLHardwareVertexBuffer::lock - Error: failed to Discard the buffer. Try to recreate the buffer
19:55:11: GLHardwareVertexBuffer::lock - Error: failed to Discard the buffer. Try to recreate the buffer
19:55:11: GLHardwareVertexBuffer::lock - Error: failed to Discard the buffer. Try to recreate the buffer
19:55:12: GLHardwareVertexBuffer::lock - Error: failed to Discard the buffer. Try to recreate the buffer
19:55:12: GLHardwareVertexBuffer::lock - Error: failed to Discard the buffer. Try to recreate the buffer
19:55:12: GLHardwareVertexBuffer::lock - Error: failed to Discard the buffer. Try to recreate the buffer
19:55:12: GLHardwareVertexBuffer::lock - Error: failed to Discard the buffer. Try to recreate the buffer
19:55:13: GLHardwareVertexBuffer::lock - Error: failed to Discard the buffer. Try to recreate the buffer
19:55:13: GLHardwareVertexBuffer::lock - Error: failed to Discard the buffer. Try to recreate the buffer
19:55:13: GLHardwareVertexBuffer::lock - Error: failed to Discard the buffer. Try to recreate the buffer
19:55:13: GLHardwareVertexBuffer::lock - Error: failed to Discard the buffer. Try to recreate the buffer
19:55:13: GLHardwareVertexBuffer::lock - Error: failed to Discard the buffer. Try to recreate the buffer
19:55:14: GLHardwareVertexBuffer::lock - Error: failed to Discard the buffer. Try to recreate the buffer
19:55:14: GLHardwareVertexBuffer::lock - Error: failed to Discard the buffer. Try to recreate the buffer
19:55:14: GLHardwareVertexBuffer::lock - Error: failed to Discard the buffer. Try to recreate the buffer
19:55:14: GLHardwareVertexBuffer::lock - Error: failed to Discard the buffer. Try to recreate the buffer
19:55:15: GLHardwareVertexBuffer::lock - Error: failed to Discard the buffer. Try to recreate the buffer
19:55:15: GLHardwareVertexBuffer::lock - Error: failed to Discard the buffer. Try to recreate the buffer
19:55:15: GLHardwareVertexBuffer::lock - Error: failed to Discard the buffer. Try to recreate the buffer
19:55:15: GLHardwareVertexBuffer::lock - Error: failed to Discard the buffer. Try to recreate the buffer
19:55:16: GLHardwareVertexBuffer::lock - Error: failed to Discard the buffer. Try to recreate the buffer
19:55:16: GLHardwareVertexBuffer::lock - Error: failed to Discard the buffer. Try to recreate the buffer
19:55:16: GLHardwareVertexBuffer::lock - Error: failed to Discard the buffer. Try to recreate the buffer
19:55:16: GLHardwareVertexBuffer::lock - Error: failed to Discard the buffer. Try to recreate the buffer
19:55:17: GLHardwareVertexBuffer::lock - Error: failed to Discard the buffer. Try to recreate the buffer
19:55:17: GLHardwareVertexBuffer::lock - Error: failed to Discard the buffer. Try to recreate the buffer
19:55:17: GLHardwareVertexBuffer::lock - Error: failed to Discard the buffer. Try to recreate the buffer
19:55:17: GLHardwareVertexBuffer::lock - Error: failed to Discard the buffer. Try to recreate the buffer
19:55:18: GLHardwareVertexBuffer::lock - Error: failed to Discard the buffer. Try to recreate the buffer
19:55:18: GLHardwareVertexBuffer::lock - Error: failed to Discard the buffer. Try to recreate the buffer
19:55:18: GLHardwareVertexBuffer::lock - Error: failed to Discard the buffer. Try to recreate the buffer
19:55:18: GLHardwareVertexBuffer::lock - Error: failed to Discard the buffer. Try to recreate the buffer
19:55:19: GLHardwareVertexBuffer::lock - Error: failed to Discard the buffer. Try to recreate the buffer
19:55:19: GLHardwareVertexBuffer::lock - Error: failed to Discard the buffer. Try to recreate the buffer
19:55:19: GLHardwareVertexBuffer::lock - Error: failed to Discard the buffer. Try to recreate the buffer
19:55:19: GLHardwareVertexBuffer::lock - Error: failed to Discard the buffer. Try to recreate the buffer
19:55:20: GLHardwareVertexBuffer::lock - Error: failed to Discard the buffer. Try to recreate the buffer
19:55:20: GLHardwareVertexBuffer::lock - Error: failed to Discard the buffer. Try to recreate the buffer
19:55:20: GLHardwareVertexBuffer::lock - Error: failed to Discard the buffer. Try to recreate the buffer
19:55:20: GLHardwareVertexBuffer::lock - Error: failed to Discard the buffer. Try to recreate the buffer
19:55:21: GLHardwareVertexBuffer::lock - Error: failed to Discard the buffer. Try to recreate the buffer
19:55:21: GLHardwareVertexBuffer::lock - Error: failed to Discard the buffer. Try to recreate the buffer
19:55:21: GLHardwareVertexBuffer::lock - Error: failed to Discard the buffer. Try to recreate the buffer
19:55:21: GLHardwareVertexBuffer::lock - Error: failed to Discard the buffer. Try to recreate the buffer
19:55:22: GLHardwareVertexBuffer::lock - Error: failed to Discard the buffer. Try to recreate the buffer
19:55:22: GLHardwareVertexBuffer::lock - Error: failed to Discard the buffer. Try to recreate the buffer
19:55:22: GLHardwareVertexBuffer::lock - Error: failed to Discard the buffer. Try to recreate the buffer
19:55:22: GLHardwareVertexBuffer::lock - Error: failed to Discard the buffer. Try to recreate the buffer
19:55:23: GLHardwareVertexBuffer::lock - Error: failed to Discard the buffer. Try to recreate the buffer
19:55:23: GLHardwareVertexBuffer::lock - Error: failed to Discard the buffer. Try to recreate the buffer
19:55:23: GLHardwareVertexBuffer::lock - Error: failed to Discard the buffer. Try to recreate the buffer
19:55:23: GLHardwareVertexBuffer::lock - Error: failed to Discard the buffer. Try to recreate the buffer
19:55:24: GLHardwareVertexBuffer::lock - Error: failed to Discard the buffer. Try to recreate the buffer
19:55:24: GLHardwareVertexBuffer::lock - Error: failed to Discard the buffer. Try to recreate the buffer
19:55:24: GLHardwareVertexBuffer::lock - Error: failed to Discard the buffer. Try to recreate the buffer
19:55:25: GLHardwareVertexBuffer::lock - Error: failed to Discard the buffer. Try to recreate the buffer
19:55:25: GLHardwareVertexBuffer::lock - Error: failed to Discard the buffer. Try to recreate the buffer
19:55:25: GLHardwareVertexBuffer::lock - Error: failed to Discard the buffer. Try to recreate the buffer
19:55:25: GLHardwareVertexBuffer::lock - Error: failed to Discard the buffer. Try to recreate the buffer
19:55:26: GLHardwareVertexBuffer::lock - Error: failed to Discard the buffer. Try to recreate the buffer
19:55:26: GLHardwareVertexBuffer::lock - Error: failed to Discard the buffer. Try to recreate the buffer
19:55:26: GLHardwareVertexBuffer::lock - Error: failed to Discard the buffer. Try to recreate the buffer
19:55:26: GLHardwareVertexBuffer::lock - Error: failed to Discard the buffer. Try to recreate the buffer
19:55:27: GLHardwareVertexBuffer::lock - Error: failed to Discard the buffer. Try to recreate the buffer
19:55:27: GLHardwareVertexBuffer::lock - Error: failed to Discard the buffer. Try to recreate the buffer
19:55:27: GLHardwareVertexBuffer::lock - Error: failed to Discard the buffer. Try to recreate the buffer
19:55:27: GLHardwareVertexBuffer::lock - Error: failed to Discard the buffer. Try to recreate the buffer
19:55:28: GLHardwareVertexBuffer::lock - Error: failed to Discard the buffer. Try to recreate the buffer
19:55:28: GLHardwareVertexBuffer::lock - Error: failed to Discard the buffer. Try to recreate the buffer
19:55:28: GLHardwareVertexBuffer::lock - Error: failed to Discard the buffer. Try to recreate the buffer
19:55:28: GLHardwareVertexBuffer::lock - Error: failed to Discard the buffer. Try to recreate the buffer
19:55:29: GLHardwareVertexBuffer::lock - Error: failed to Discard the buffer. Try to recreate the buffer
19:55:29: GLHardwareVertexBuffer::lock - Error: failed to Discard the buffer. Try to recreate the buffer
19:55:29: GLHardwareVertexBuffer::lock - Error: failed to Discard the buffer. Try to recreate the buffer
19:55:29: GLHardwareVertexBuffer::lock - Error: failed to Discard the buffer. Try to recreate the buffer
19:55:30: GLHardwareVertexBuffer::lock - Error: failed to Discard the buffer. Try to recreate the buffer
19:55:30: GLHardwareVertexBuffer::lock - Error: failed to Discard the buffer. Try to recreate the buffer
19:55:30: GLHardwareVertexBuffer::lock - Error: failed to Discard the buffer. Try to recreate the buffer
19:55:30: GLHardwareVertexBuffer::lock - Error: failed to Discard the buffer. Try to recreate the buffer
19:55:31: GLHardwareVertexBuffer::lock - Error: failed to Discard the buffer. Try to recreate the buffer
19:55:31: GLHardwareVertexBuffer::lock - Error: failed to Discard the buffer. Try to recreate the buffer
19:55:31: GLHardwareVertexBuffer::lock - Error: failed to Discard the buffer. Try to recreate the buffer
19:55:31: GLHardwareVertexBuffer::lock - Error: failed to Discard the buffer. Try to recreate the buffer
19:55:32: GLHardwareVertexBuffer::lock - Error: failed to Discard the buffer. Try to recreate the buffer
19:55:32: GLHardwareVertexBuffer::lock - Error: failed to Discard the buffer. Try to recreate the buffer
19:55:32: GLHardwareVertexBuffer::lock - Error: failed to Discard the buffer. Try to recreate the buffer
19:55:32: GLHardwareVertexBuffer::lock - Error: failed to Discard the buffer. Try to recreate the buffer
19:55:33: GLHardwareVertexBuffer::lock - Error: failed to Discard the buffer. Try to recreate the buffer
19:55:33: GLHardwareVertexBuffer::lock - Error: failed to Discard the buffer. Try to recreate the buffer
19:55:33: GLHardwareVertexBuffer::lock - Error: failed to Discard the buffer. Try to recreate the buffer
19:55:33: GLHardwareVertexBuffer::lock - Error: failed to Discard the buffer. Try to recreate the buffer
19:55:34: GLHardwareVertexBuffer::lock - Error: failed to Discard the buffer. Try to recreate the buffer
19:55:34: GLHardwareVertexBuffer::lock - Error: failed to Discard the buffer. Try to recreate the buffer
19:55:34: GLHardwareVertexBuffer::lock - Error: failed to Discard the buffer. Try to recreate the buffer
19:55:34: GLHardwareVertexBuffer::lock - Error: failed to Discard the buffer. Try to recreate the buffer
19:55:35: GLHardwareVertexBuffer::lock - Error: failed to Discard the buffer. Try to recreate the buffer
19:55:35: GLHardwareVertexBuffer::lock - Error: failed to Discard the buffer. Try to recreate the buffer
19:55:35: GLHardwareVertexBuffer::lock - Error: failed to Discard the buffer. Try to recreate the buffer
19:55:35: GLHardwareVertexBuffer::lock - Error: failed to Discard the buffer. Try to recreate the buffer
19:55:36: GLHardwareVertexBuffer::lock - Error: failed to Discard the buffer. Try to recreate the buffer
19:55:36: GLHardwareVertexBuffer::lock - Error: failed to Discard the buffer. Try to recreate the buffer
19:55:36: GLHardwareVertexBuffer::lock - Error: failed to Discard the buffer. Try to recreate the buffer
19:55:36: GLHardwareVertexBuffer::lock - Error: failed to Discard the buffer. Try to recreate the buffer
19:55:37: GLHardwareVertexBuffer::lock - Error: failed to Discard the buffer. Try to recreate the buffer
19:55:37: GLHardwareVertexBuffer::lock - Error: failed to Discard the buffer. Try to recreate the buffer
19:55:37: GLHardwareVertexBuffer::lock - Error: failed to Discard the buffer. Try to recreate the buffer
19:55:37: GLHardwareVertexBuffer::lock - Error: failed to Discard the buffer. Try to recreate the buffer
19:55:38: GLHardwareVertexBuffer::lock - Error: failed to Discard the buffer. Try to recreate the buffer
19:55:38: GLHardwareVertexBuffer::lock - Error: failed to Discard the buffer. Try to recreate the buffer
19:55:38: GLHardwareVertexBuffer::lock - Error: failed to Discard the buffer. Try to recreate the buffer
19:55:38: GLHardwareVertexBuffer::lock - Error: failed to Discard the buffer. Try to recreate the buffer
19:55:39: GLHardwareVertexBuffer::lock - Error: failed to Discard the buffer. Try to recreate the buffer
19:55:39: GLHardwareVertexBuffer::lock - Error: failed to Discard the buffer. Try to recreate the buffer
19:55:39: GLHardwareVertexBuffer::lock - Error: failed to Discard the buffer. Try to recreate the buffer
19:55:39: GLHardwareVertexBuffer::lock - Error: failed to Discard the buffer. Try to recreate the buffer
19:55:40: GLHardwareVertexBuffer::lock - Error: failed to Discard the buffer. Try to recreate the buffer
19:55:40: GLHardwareVertexBuffer::lock - Error: failed to Discard the buffer. Try to recreate the buffer
19:55:40: GLHardwareVertexBuffer::lock - Error: failed to Discard the buffer. Try to recreate the buffer
19:55:40: GLHardwareVertexBuffer::lock - Error: failed to Discard the buffer. Try to recreate the buffer
19:55:41: GLHardwareVertexBuffer::lock - Error: failed to Discard the buffer. Try to recreate the buffer
19:55:41: GLHardwareVertexBuffer::lock - Error: failed to Discard the buffer. Try to recreate the buffer
19:55:41: GLHardwareVertexBuffer::lock - Error: failed to Discard the buffer. Try to recreate the buffer
19:55:42: GLHardwareVertexBuffer::lock - Error: failed to Discard the buffer. Try to recreate the buffer
19:55:42: GLHardwareVertexBuffer::lock - Error: failed to Discard the buffer. Try to recreate the buffer
19:55:42: GLHardwareVertexBuffer::lock - Error: failed to Discard the buffer. Try to recreate the buffer
19:55:42: GLHardwareVertexBuffer::lock - Error: failed to Discard the buffer. Try to recreate the buffer
19:55:43: GLHardwareVertexBuffer::lock - Error: failed to Discard the buffer. Try to recreate the buffer
19:55:43: GLHardwareVertexBuffer::lock - Error: failed to Discard the buffer. Try to recreate the buffer
19:55:43: GLHardwareVertexBuffer::lock - Error: failed to Discard the buffer. Try to recreate the buffer
19:55:43: GLHardwareVertexBuffer::lock - Error: failed to Discard the buffer. Try to recreate the buffer
19:55:44: GLHardwareVertexBuffer::lock - Error: failed to Discard the buffer. Try to recreate the buffer
19:55:44: GLHardwareVertexBuffer::lock - Error: failed to Discard the buffer. Try to recreate the buffer
19:55:44: GLHardwareVertexBuffer::lock - Error: failed to Discard the buffer. Try to recreate the buffer
19:55:44: GLHardwareVertexBuffer::lock - Error: failed to Discard the buffer. Try to recreate the buffer
19:55:45: GLHardwareVertexBuffer::lock - Error: failed to Discard the buffer. Try to recreate the buffer
19:55:45: GLHardwareVertexBuffer::lock - Error: failed to Discard the buffer. Try to recreate the buffer
19:55:45: GLHardwareVertexBuffer::lock - Error: failed to Discard the buffer. Try to recreate the buffer
19:55:45: GLHardwareVertexBuffer::lock - Error: failed to Discard the buffer. Try to recreate the buffer
19:55:46: GLHardwareVertexBuffer::lock - Error: failed to Discard the buffer. Try to recreate the buffer
19:55:46: GLHardwareVertexBuffer::lock - Error: failed to Discard the buffer. Try to recreate the buffer
19:55:46: GLHardwareVertexBuffer::lock - Error: failed to Discard the buffer. Try to recreate the buffer
19:55:46: GLHardwareVertexBuffer::lock - Error: failed to Discard the buffer. Try to recreate the buffer
19:55:47: GLHardwareVertexBuffer::lock - Error: failed to Discard the buffer. Try to recreate the buffer
19:55:47: GLHardwareVertexBuffer::lock - Error: failed to Discard the buffer. Try to recreate the buffer
19:55:47: GLHardwareVertexBuffer::lock - Error: failed to Discard the buffer. Try to recreate the buffer
19:55:47: GLHardwareVertexBuffer::lock - Error: failed to Discard the buffer. Try to recreate the buffer
19:55:48: GLHardwareVertexBuffer::lock - Error: failed to Discard the buffer. Try to recreate the buffer
19:55:48: GLHardwareVertexBuffer::lock - Error: failed to Discard the buffer. Try to recreate the buffer
19:55:48: GLHardwareVertexBuffer::lock - Error: failed to Discard the buffer. Try to recreate the buffer
19:55:48: GLHardwareVertexBuffer::lock - Error: failed to Discard the buffer. Try to recreate the buffer
19:55:49: GLHardwareVertexBuffer::lock - Error: failed to Discard the buffer. Try to recreate the buffer
19:55:49: GLHardwareVertexBuffer::lock - Error: failed to Discard the buffer. Try to recreate the buffer
19:55:49: GLHardwareVertexBuffer::lock - Error: failed to Discard the buffer. Try to recreate the buffer
19:55:49: GLHardwareVertexBuffer::lock - Error: failed to Discard the buffer. Try to recreate the buffer
19:55:50: GLHardwareVertexBuffer::lock - Error: failed to Discard the buffer. Try to recreate the buffer
19:55:50: GLHardwareVertexBuffer::lock - Error: failed to Discard the buffer. Try to recreate the buffer
19:55:50: GLHardwareVertexBuffer::lock - Error: failed to Discard the buffer. Try to recreate the buffer
19:55:50: GLHardwareVertexBuffer::lock - Error: failed to Discard the buffer. Try to recreate the buffer
19:55:51: GLHardwareVertexBuffer::lock - Error: failed to Discard the buffer. Try to recreate the buffer
19:55:51: GLHardwareVertexBuffer::lock - Error: failed to Discard the buffer. Try to recreate the buffer
19:55:51: GLHardwareVertexBuffer::lock - Error: failed to Discard the buffer. Try to recreate the buffer
19:55:51: GLHardwareVertexBuffer::lock - Error: failed to Discard the buffer. Try to recreate the buffer
19:55:52: GLHardwareVertexBuffer::lock - Error: failed to Discard the buffer. Try to recreate the buffer
19:55:52: GLHardwareVertexBuffer::lock - Error: failed to Discard the buffer. Try to recreate the buffer
19:55:52: GLHardwareVertexBuffer::lock - Error: failed to Discard the buffer. Try to recreate the buffer
19:55:52: GLHardwareVertexBuffer::lock - Error: failed to Discard the buffer. Try to recreate the buffer
19:55:53: GLHardwareVertexBuffer::lock - Error: failed to Discard the buffer. Try to recreate the buffer
19:55:53: GLHardwareVertexBuffer::lock - Error: failed to Discard the buffer. Try to recreate the buffer
19:55:53: GLHardwareVertexBuffer::lock - Error: failed to Discard the buffer. Try to recreate the buffer
19:55:53: GLHardwareVertexBuffer::lock - Error: failed to Discard the buffer. Try to recreate the buffer
19:55:54: GLHardwareVertexBuffer::lock - Error: failed to Discard the buffer. Try to recreate the buffer
19:55:54: GLHardwareVertexBuffer::lock - Error: failed to Discard the buffer. Try to recreate the buffer
19:55:54: GLHardwareVertexBuffer::lock - Error: failed to Discard the buffer. Try to recreate the buffer
19:55:54: GLHardwareVertexBuffer::lock - Error: failed to Discard the buffer. Try to recreate the buffer
19:55:55: GLHardwareVertexBuffer::lock - Error: failed to Discard the buffer. Try to recreate the buffer
19:55:55: GLHardwareVertexBuffer::lock - Error: failed to Discard the buffer. Try to recreate the buffer
19:55:55: GLHardwareVertexBuffer::lock - Error: failed to Discard the buffer. Try to recreate the buffer
19:55:55: GLHardwareVertexBuffer::lock - Error: failed to Discard the buffer. Try to recreate the buffer
19:55:56: GLHardwareVertexBuffer::lock - Error: failed to Discard the buffer. Try to recreate the buffer
19:55:56: GLHardwareVertexBuffer::lock - Error: failed to Discard the buffer. Try to recreate the buffer
19:55:56: GLHardwareVertexBuffer::lock - Error: failed to Discard the buffer. Try to recreate the buffer
19:55:56: GLHardwareVertexBuffer::lock - Error: failed to Discard the buffer. Try to recreate the buffer
19:55:57: DefaultWorkQueue('Root') shutting down on thread 7f67a60f57c0.
19:55:57: DefaultWorkQueue('Root')::WorkerFunc - thread 7f679ad38700 stopped.
19:55:57: DefaultWorkQueue('Root')::WorkerFunc - thread 7f679a537700 stopped.
19:55:57: DefaultWorkQueue('Root')::WorkerFunc - thread 7f6799d36700 stopped.
19:55:57: DefaultWorkQueue('Root')::WorkerFunc - thread 7f6799535700 stopped.
19:55:57: PCZone Factory Type 'ZoneType_Octree' unregistered
19:55:57: Unregistering ResourceManager for type BspLevel
19:55:57: *-*-* OGRE Shutdown
19:55:57: Unregistering ResourceManager for type Compositor
19:55:57: Unregistering ResourceManager for type Skeleton
19:55:57: Unregistering ResourceManager for type Mesh
19:55:57: Unregistering ResourceManager for type HighLevelGpuProgram
19:55:57: Uninstalling plugin: Octree Scene Manager
19:55:57: Plugin successfully uninstalled
19:55:57: Unloading library /usr/local/lib/OGRE/Plugin_OctreeSceneManager
19:55:57: Uninstalling plugin: Octree Zone Factory
19:55:57: Plugin successfully uninstalled
19:55:57: Unloading library /usr/local/lib/OGRE/Plugin_OctreeZone
19:55:57: Uninstalling plugin: Portal Connected Zone Scene Manager
19:55:57: Plugin successfully uninstalled
19:55:57: Unloading library /usr/local/lib/OGRE/Plugin_PCZSceneManager
19:55:57: Uninstalling plugin: Cg Program Manager
19:55:57: Plugin successfully uninstalled
19:55:57: Unloading library /usr/local/lib/OGRE/Plugin_CgProgramManager
19:55:57: Uninstalling plugin: BSP Scene Manager
19:55:57: Plugin successfully uninstalled
19:55:57: Unloading library /usr/local/lib/OGRE/Plugin_BSPSceneManager
19:55:57: Uninstalling plugin: ParticleFX
19:55:57: Plugin successfully uninstalled
19:55:57: Unloading library /usr/local/lib/OGRE/Plugin_ParticleFX
19:55:57: Uninstalling plugin: GL RenderSystem
19:55:57: Unregistering ResourceManager for type GpuProgram
19:55:57: ******************************
*** Stopping GLX Subsystem ***
******************************
19:55:57: Unregistering ResourceManager for type Texture
19:55:57: Plugin successfully uninstalled
19:55:57: Unloading library /usr/local/lib/OGRE/RenderSystem_GL
19:55:57: Unregistering ResourceManager for type Material
