02/04/2015 23:16:50 (Std) 	+-+-+-+-+-+-+-+-+-+-+-+-+-+-+-+-+-+-+-+-+-+-+-+-+-+-+-+-+-+-+-+-+-+-+-+-+-+-+-+
02/04/2015 23:16:50 (Std) 	+                     Crazy Eddie's GUI System - Event log                    +
02/04/2015 23:16:50 (Std) 	+                          (http://www.cegui.org.uk/)                         +
02/04/2015 23:16:50 (Std) 	+-+-+-+-+-+-+-+-+-+-+-+-+-+-+-+-+-+-+-+-+-+-+-+-+-+-+-+-+-+-+-+-+-+-+-+-+-+-+-+

02/04/2015 23:16:50 (Std) 	CEGUI::Logger singleton created. (0x1310ff0)
02/04/2015 23:16:50 (Std) 	
02/04/2015 23:16:50 (Std) 	********************************************************************************
02/04/2015 23:16:50 (Std) 	* Important:                                                                   *
02/04/2015 23:16:50 (Std) 	*     To get support at the CEGUI forums, you must post _at least_ the section *
02/04/2015 23:16:50 (Std) 	*     of this log file indicated below.  Failure to do this will result in no  *
02/04/2015 23:16:50 (Std) 	*     support being given; please do not waste our time.                       *
02/04/2015 23:16:50 (Std) 	********************************************************************************
02/04/2015 23:16:50 (Std) 	********************************************************************************
02/04/2015 23:16:50 (Std) 	* -------- START OF ESSENTIAL SECTION TO BE POSTED ON THE FORUM       -------- *
02/04/2015 23:16:50 (Std) 	********************************************************************************
02/04/2015 23:16:50 (Std) 	---- Version: 0.8.4 (Build: Mar  2 2015 GNU/Linux g++ 4.8.2 64 bit) ----
02/04/2015 23:16:50 (Std) 	---- Renderer module is: CEGUI::OgreRenderer - Official OGRE based 2nd generation renderer module. ----
02/04/2015 23:16:50 (Std) 	---- XML Parser module is: CEGUI::ExpatParser - Official expat based parser module for CEGUI ----
02/04/2015 23:16:50 (Std) 	---- Image Codec module is: OgreImageCodec - Integrated ImageCodec using the Ogre engine. ----
02/04/2015 23:16:50 (Std) 	---- Scripting module is: None ----
02/04/2015 23:16:50 (Std) 	********************************************************************************
02/04/2015 23:16:50 (Std) 	* -------- END OF ESSENTIAL SECTION TO BE POSTED ON THE FORUM         -------- *
02/04/2015 23:16:50 (Std) 	********************************************************************************
02/04/2015 23:16:50 (Std) 	
02/04/2015 23:16:50 (Std) 	---- Begining CEGUI System initialisation ----
02/04/2015 23:16:50 (Std) 	[CEGUI::ImageManager] Singleton created (0x10bd6a0)
02/04/2015 23:16:50 (Std) 	[CEGUI::ImageManager] Registered Image type: BasicImage
02/04/2015 23:16:50 (Std) 	CEGUI::FontManager singleton created. (0x10cb240)
02/04/2015 23:16:50 (Std) 	CEGUI::WindowFactoryManager singleton created
02/04/2015 23:16:50 (Std) 	CEGUI::WindowManager singleton created (0xf273e0)
02/04/2015 23:16:50 (Std) 	CEGUI::SchemeManager singleton created. (0x1302ad0)
02/04/2015 23:16:50 (Std) 	CEGUI::GlobalEventSet singleton created. (0x10c73c0)
02/04/2015 23:16:50 (Std) 	CEGUI::AnimationManager singleton created (0x10bd580)
02/04/2015 23:16:50 (Std) 	CEGUI::WidgetLookManager singleton created. (0x10adf30)
02/04/2015 23:16:50 (Std) 	CEGUI::WindowRendererManager singleton created (0x13020e0)
02/04/2015 23:16:50 (Std) 	CEGUI::RenderEffectManager singleton created (0x10a94e0)
02/04/2015 23:16:50 (Std) 	Created WindowFactory for 'DefaultWindow' windows.
02/04/2015 23:16:50 (Std) 	WindowFactory for 'DefaultWindow' windows added. (0x10ccb40)
02/04/2015 23:16:50 (Std) 	Created WindowFactory for 'DragContainer' windows.
02/04/2015 23:16:50 (Std) 	WindowFactory for 'DragContainer' windows added. (0x10bc8a0)
02/04/2015 23:16:50 (Std) 	Created WindowFactory for 'ScrolledContainer' windows.
02/04/2015 23:16:50 (Std) 	WindowFactory for 'ScrolledContainer' windows added. (0x10bca40)
02/04/2015 23:16:50 (Std) 	Created WindowFactory for 'ClippedContainer' windows.
02/04/2015 23:16:50 (Std) 	WindowFactory for 'ClippedContainer' windows added. (0x10aa090)
02/04/2015 23:16:50 (Std) 	Created WindowFactory for 'CEGUI/PushButton' windows.
02/04/2015 23:16:50 (Std) 	WindowFactory for 'CEGUI/PushButton' windows added. (0x10ab7c0)
02/04/2015 23:16:50 (Std) 	Created WindowFactory for 'CEGUI/RadioButton' windows.
02/04/2015 23:16:50 (Std) 	WindowFactory for 'CEGUI/RadioButton' windows added. (0x10ab960)
02/04/2015 23:16:50 (Std) 	Created WindowFactory for 'CEGUI/Combobox' windows.
02/04/2015 23:16:50 (Std) 	WindowFactory for 'CEGUI/Combobox' windows added. (0xf2a690)
02/04/2015 23:16:50 (Std) 	Created WindowFactory for 'CEGUI/ComboDropList' windows.
02/04/2015 23:16:50 (Std) 	WindowFactory for 'CEGUI/ComboDropList' windows added. (0x10b66f0)
02/04/2015 23:16:50 (Std) 	Created WindowFactory for 'CEGUI/Editbox' windows.
02/04/2015 23:16:50 (Std) 	WindowFactory for 'CEGUI/Editbox' windows added. (0x10b6890)
02/04/2015 23:16:50 (Std) 	Created WindowFactory for 'CEGUI/FrameWindow' windows.
02/04/2015 23:16:50 (Std) 	WindowFactory for 'CEGUI/FrameWindow' windows added. (0x10c65c0)
02/04/2015 23:16:50 (Std) 	Created WindowFactory for 'CEGUI/ItemEntry' windows.
02/04/2015 23:16:50 (Std) 	WindowFactory for 'CEGUI/ItemEntry' windows added. (0x10c9960)
02/04/2015 23:16:50 (Std) 	Created WindowFactory for 'CEGUI/Listbox' windows.
02/04/2015 23:16:50 (Std) 	WindowFactory for 'CEGUI/Listbox' windows added. (0x10c9b00)
02/04/2015 23:16:50 (Std) 	Created WindowFactory for 'CEGUI/ListHeader' windows.
02/04/2015 23:16:50 (Std) 	WindowFactory for 'CEGUI/ListHeader' windows added. (0x10b73c0)
02/04/2015 23:16:50 (Std) 	Created WindowFactory for 'CEGUI/ListHeaderSegment' windows.
02/04/2015 23:16:50 (Std) 	WindowFactory for 'CEGUI/ListHeaderSegment' windows added. (0x10a57c0)
02/04/2015 23:16:50 (Std) 	Created WindowFactory for 'CEGUI/Menubar' windows.
02/04/2015 23:16:50 (Std) 	WindowFactory for 'CEGUI/Menubar' windows added. (0x10a5960)
02/04/2015 23:16:50 (Std) 	Created WindowFactory for 'CEGUI/PopupMenu' windows.
02/04/2015 23:16:50 (Std) 	WindowFactory for 'CEGUI/PopupMenu' windows added. (0x10b9770)
02/04/2015 23:16:50 (Std) 	Created WindowFactory for 'CEGUI/MenuItem' windows.
02/04/2015 23:16:50 (Std) 	WindowFactory for 'CEGUI/MenuItem' windows added. (0x10cd510)
02/04/2015 23:16:50 (Std) 	Created WindowFactory for 'CEGUI/MultiColumnList' windows.
02/04/2015 23:16:50 (Std) 	WindowFactory for 'CEGUI/MultiColumnList' windows added. (0x10cd6b0)
02/04/2015 23:16:50 (Std) 	Created WindowFactory for 'CEGUI/MultiLineEditbox' windows.
02/04/2015 23:16:50 (Std) 	WindowFactory for 'CEGUI/MultiLineEditbox' windows added. (0x10a6370)
02/04/2015 23:16:50 (Std) 	Created WindowFactory for 'CEGUI/ProgressBar' windows.
02/04/2015 23:16:50 (Std) 	WindowFactory for 'CEGUI/ProgressBar' windows added. (0x10a6510)
02/04/2015 23:16:50 (Std) 	Created WindowFactory for 'CEGUI/ScrollablePane' windows.
02/04/2015 23:16:50 (Std) 	WindowFactory for 'CEGUI/ScrollablePane' windows added. (0x10a7ca0)
02/04/2015 23:16:50 (Std) 	Created WindowFactory for 'CEGUI/Scrollbar' windows.
02/04/2015 23:16:50 (Std) 	WindowFactory for 'CEGUI/Scrollbar' windows added. (0x10ac3b0)
02/04/2015 23:16:50 (Std) 	Created WindowFactory for 'CEGUI/Slider' windows.
02/04/2015 23:16:50 (Std) 	WindowFactory for 'CEGUI/Slider' windows added. (0x10ac550)
02/04/2015 23:16:50 (Std) 	Created WindowFactory for 'CEGUI/Spinner' windows.
02/04/2015 23:16:50 (Std) 	WindowFactory for 'CEGUI/Spinner' windows added. (0x10ba320)
02/04/2015 23:16:50 (Std) 	Created WindowFactory for 'CEGUI/TabButton' windows.
02/04/2015 23:16:50 (Std) 	WindowFactory for 'CEGUI/TabButton' windows added. (0x10b5b80)
02/04/2015 23:16:50 (Std) 	Created WindowFactory for 'CEGUI/TabControl' windows.
02/04/2015 23:16:50 (Std) 	WindowFactory for 'CEGUI/TabControl' windows added. (0x10b5d20)
02/04/2015 23:16:50 (Std) 	Created WindowFactory for 'CEGUI/Thumb' windows.
02/04/2015 23:16:50 (Std) 	WindowFactory for 'CEGUI/Thumb' windows added. (0x10c42a0)
02/04/2015 23:16:50 (Std) 	Created WindowFactory for 'CEGUI/Titlebar' windows.
02/04/2015 23:16:50 (Std) 	WindowFactory for 'CEGUI/Titlebar' windows added. (0x10b3720)
02/04/2015 23:16:50 (Std) 	Created WindowFactory for 'CEGUI/ToggleButton' windows.
02/04/2015 23:16:50 (Std) 	WindowFactory for 'CEGUI/ToggleButton' windows added. (0x10b38c0)
02/04/2015 23:16:50 (Std) 	Created WindowFactory for 'CEGUI/Tooltip' windows.
02/04/2015 23:16:50 (Std) 	WindowFactory for 'CEGUI/Tooltip' windows added. (0xf21050)
02/04/2015 23:16:50 (Std) 	Created WindowFactory for 'CEGUI/ItemListbox' windows.
02/04/2015 23:16:50 (Std) 	WindowFactory for 'CEGUI/ItemListbox' windows added. (0x10c1d40)
02/04/2015 23:16:50 (Std) 	Created WindowFactory for 'CEGUI/GroupBox' windows.
02/04/2015 23:16:50 (Std) 	WindowFactory for 'CEGUI/GroupBox' windows added. (0x10c1ee0)
02/04/2015 23:16:50 (Std) 	Created WindowFactory for 'CEGUI/Tree' windows.
02/04/2015 23:16:50 (Std) 	WindowFactory for 'CEGUI/Tree' windows added. (0x10b06b0)
02/04/2015 23:16:50 (Std) 	Created WindowFactory for 'LayoutCell' windows.
02/04/2015 23:16:50 (Std) 	WindowFactory for 'LayoutCell' windows added. (0x10bf8a0)
02/04/2015 23:16:50 (Std) 	Created WindowFactory for 'HorizontalLayoutContainer' windows.
02/04/2015 23:16:50 (Std) 	WindowFactory for 'HorizontalLayoutContainer' windows added. (0x10ca6c0)
02/04/2015 23:16:50 (Std) 	Created WindowFactory for 'VerticalLayoutContainer' windows.
02/04/2015 23:16:50 (Std) 	WindowFactory for 'VerticalLayoutContainer' windows added. (0xf21b80)
02/04/2015 23:16:50 (Std) 	Created WindowFactory for 'GridLayoutContainer' windows.
02/04/2015 23:16:50 (Std) 	WindowFactory for 'GridLayoutContainer' windows added. (0xf21d20)
02/04/2015 23:16:50 (Std) 	CEGUI::System singleton created. (0x10be060)
02/04/2015 23:16:50 (Std) 	---- CEGUI System initialisation completed ----
02/04/2015 23:16:50 (Std) 	
02/04/2015 23:16:50 (Std) 	Started creation of Scheme from XML specification:
02/04/2015 23:16:50 (Std) 	---- CEGUI GUIScheme name: TaharezLook
02/04/2015 23:16:50 (Std) 	[ImageManager] Started creation of Imageset from XML specification:
02/04/2015 23:16:50 (Std) 	[ImageManager] ---- CEGUI Imageset name: TaharezLook
02/04/2015 23:16:50 (Std) 	[ImageManager] ---- Source texture file: TaharezLook.png
02/04/2015 23:16:50 (Std) 	[ImageManager] ---- Source texture resource group: (Default)
02/04/2015 23:16:50 (Std) 	[OgreRenderer] Created texture: TaharezLook
02/04/2015 23:16:50 (Std) 	[ImageManager] Created image: 'TaharezLook/ClientBrush' (0x13022f0) of type: BasicImage
02/04/2015 23:16:50 (Std) 	[ImageManager] Created image: 'TaharezLook/GenericBrush' (0x1302f10) of type: BasicImage
02/04/2015 23:16:50 (Std) 	[ImageManager] Created image: 'TaharezLook/WindowLeftEdge' (0x13030e0) of type: BasicImage
02/04/2015 23:16:50 (Std) 	[ImageManager] Created image: 'TaharezLook/WindowRightEdge' (0x10a3420) of type: BasicImage
02/04/2015 23:16:50 (Std) 	[ImageManager] Created image: 'TaharezLook/WindowTopEdge' (0x10a3630) of type: BasicImage
02/04/2015 23:16:50 (Std) 	[ImageManager] Created image: 'TaharezLook/WindowBottomEdge' (0x10b1dc0) of type: BasicImage
02/04/2015 23:16:50 (Std) 	[ImageManager] Created image: 'TaharezLook/WindowTopLeft' (0x10b1fd0) of type: BasicImage
02/04/2015 23:16:50 (Std) 	[ImageManager] Created image: 'TaharezLook/WindowTopRight' (0x1303640) of type: BasicImage
02/04/2015 23:16:50 (Std) 	[ImageManager] Created image: 'TaharezLook/WindowBottomLeft' (0x1385ee0) of type: BasicImage
02/04/2015 23:16:50 (Std) 	[ImageManager] Created image: 'TaharezLook/WindowBottomRight' (0x13860f0) of type: BasicImage
02/04/2015 23:16:50 (Std) 	[ImageManager] Created image: 'TaharezLook/ButtonLeftNormal' (0x1386300) of type: BasicImage
02/04/2015 23:16:50 (Std) 	[ImageManager] Created image: 'TaharezLook/ButtonMiddleNormal' (0x1386510) of type: BasicImage
02/04/2015 23:16:50 (Std) 	[ImageManager] Created image: 'TaharezLook/ButtonRightNormal' (0x1386720) of type: BasicImage
02/04/2015 23:16:50 (Std) 	[ImageManager] Created image: 'TaharezLook/ButtonLeftPushed' (0x1386930) of type: BasicImage
02/04/2015 23:16:50 (Std) 	[ImageManager] Created image: 'TaharezLook/ButtonMiddlePushed' (0x1386b40) of type: BasicImage
02/04/2015 23:16:50 (Std) 	[ImageManager] Created image: 'TaharezLook/ButtonRightPushed' (0x1386d50) of type: BasicImage
02/04/2015 23:16:50 (Std) 	[ImageManager] Created image: 'TaharezLook/ButtonLeftHighlight' (0x1386f60) of type: BasicImage
02/04/2015 23:16:50 (Std) 	[ImageManager] Created image: 'TaharezLook/ButtonMiddleHighlight' (0x1387170) of type: BasicImage
02/04/2015 23:16:50 (Std) 	[ImageManager] Created image: 'TaharezLook/ButtonRightHighlight' (0x1387530) of type: BasicImage
02/04/2015 23:16:50 (Std) 	[ImageManager] Created image: 'TaharezLook/CheckboxNormal' (0x1387860) of type: BasicImage
02/04/2015 23:16:50 (Std) 	[ImageManager] Created image: 'TaharezLook/CheckboxHover' (0x1387a70) of type: BasicImage
02/04/2015 23:16:50 (Std) 	[ImageManager] Created image: 'TaharezLook/CheckboxMark' (0x1387c80) of type: BasicImage
02/04/2015 23:16:50 (Std) 	[ImageManager] Created image: 'TaharezLook/RadioButtonNormal' (0x1387e90) of type: BasicImage
02/04/2015 23:16:50 (Std) 	[ImageManager] Created image: 'TaharezLook/RadioButtonHover' (0x13880a0) of type: BasicImage
02/04/2015 23:16:50 (Std) 	[ImageManager] Created image: 'TaharezLook/RadioButtonMark' (0x1379750) of type: BasicImage
02/04/2015 23:16:50 (Std) 	[ImageManager] Created image: 'TaharezLook/TitlebarLeft' (0x1379960) of type: BasicImage
02/04/2015 23:16:50 (Std) 	[ImageManager] Created image: 'TaharezLook/TitlebarMiddle' (0x1379b70) of type: BasicImage
02/04/2015 23:16:50 (Std) 	[ImageManager] Created image: 'TaharezLook/TitlebarRight' (0x1379d80) of type: BasicImage
02/04/2015 23:16:50 (Std) 	[ImageManager] Created image: 'TaharezLook/NewTitlebarLeft' (0x1379f90) of type: BasicImage
02/04/2015 23:16:50 (Std) 	[ImageManager] Created image: 'TaharezLook/NewTitlebarMiddle' (0x137a1a0) of type: BasicImage
02/04/2015 23:16:50 (Std) 	[ImageManager] Created image: 'TaharezLook/NewTitlebarRight' (0x137a3b0) of type: BasicImage
02/04/2015 23:16:50 (Std) 	[ImageManager] Created image: 'TaharezLook/SysAreaMiddle' (0x137a5c0) of type: BasicImage
02/04/2015 23:16:50 (Std) 	[ImageManager] Created image: 'TaharezLook/SysAreaRight' (0x137a7d0) of type: BasicImage
02/04/2015 23:16:50 (Std) 	[ImageManager] Created image: 'TaharezLook/StaticLeft' (0x137a9e0) of type: BasicImage
02/04/2015 23:16:50 (Std) 	[ImageManager] Created image: 'TaharezLook/StaticRight' (0x137abf0) of type: BasicImage
02/04/2015 23:16:50 (Std) 	[ImageManager] Created image: 'TaharezLook/StaticTop' (0x137ae00) of type: BasicImage
02/04/2015 23:16:50 (Std) 	[ImageManager] Created image: 'TaharezLook/StaticBottom' (0x137b010) of type: BasicImage
02/04/2015 23:16:50 (Std) 	[ImageManager] Created image: 'TaharezLook/StaticTopLeft' (0x137b220) of type: BasicImage
02/04/2015 23:16:50 (Std) 	[ImageManager] Created image: 'TaharezLook/StaticTopRight' (0x137b430) of type: BasicImage
02/04/2015 23:16:50 (Std) 	[ImageManager] Created image: 'TaharezLook/StaticBottomLeft' (0x137b640) of type: BasicImage
02/04/2015 23:16:50 (Std) 	[ImageManager] Created image: 'TaharezLook/StaticBottomRight' (0x137b850) of type: BasicImage
02/04/2015 23:16:50 (Std) 	[ImageManager] Created image: 'TaharezLook/StaticBackdrop' (0x137ba60) of type: BasicImage
02/04/2015 23:16:50 (Std) 	[ImageManager] Created image: 'TaharezLook/ProgressBarLeft' (0x137bc70) of type: BasicImage
02/04/2015 23:16:50 (Std) 	[ImageManager] Created image: 'TaharezLook/ProgressBarMiddle' (0x137be80) of type: BasicImage
02/04/2015 23:16:50 (Std) 	[ImageManager] Created image: 'TaharezLook/ProgressBarRight' (0x137c090) of type: BasicImage
02/04/2015 23:16:50 (Std) 	[ImageManager] Created image: 'TaharezLook/ProgressBarDimSegment' (0x137c2a0) of type: BasicImage
02/04/2015 23:16:50 (Std) 	[ImageManager] Created image: 'TaharezLook/ProgressBarLitSegment' (0x137c5d0) of type: BasicImage
02/04/2015 23:16:50 (Std) 	[ImageManager] Created image: 'TaharezLook/EditBoxLeft' (0x137c900) of type: BasicImage
02/04/2015 23:16:50 (Std) 	[ImageManager] Created image: 'TaharezLook/EditBoxMiddle' (0x137cb10) of type: BasicImage
02/04/2015 23:16:50 (Std) 	[ImageManager] Created image: 'TaharezLook/EditBoxRight' (0x137cd20) of type: BasicImage
02/04/2015 23:16:50 (Std) 	[ImageManager] Created image: 'TaharezLook/EditBoxCaret' (0x137cf30) of type: BasicImage
02/04/2015 23:16:50 (Std) 	[ImageManager] Created image: 'TaharezLook/SpinnerUpNormal' (0x137d140) of type: BasicImage
02/04/2015 23:16:50 (Std) 	[ImageManager] Created image: 'TaharezLook/SpinnerDownNormal' (0x137d350) of type: BasicImage
02/04/2015 23:16:50 (Std) 	[ImageManager] Created image: 'TaharezLook/SpinnerUpHover' (0x137d560) of type: BasicImage
02/04/2015 23:16:50 (Std) 	[ImageManager] Created image: 'TaharezLook/SpinnerDownHover' (0x137d770) of type: BasicImage
02/04/2015 23:16:50 (Std) 	[ImageManager] Created image: 'TaharezLook/TextSelectionBrush' (0x137d980) of type: BasicImage
02/04/2015 23:16:50 (Std) 	[ImageManager] Created image: 'TaharezLook/VertScrollTop' (0x137db90) of type: BasicImage
02/04/2015 23:16:50 (Std) 	[ImageManager] Created image: 'TaharezLook/VertScrollMiddle' (0x137dda0) of type: BasicImage
02/04/2015 23:16:50 (Std) 	[ImageManager] Created image: 'TaharezLook/VertScrollBottom' (0x137dfb0) of type: BasicImage
02/04/2015 23:16:50 (Std) 	[ImageManager] Created image: 'TaharezLook/VertScrollBarSegment' (0x137e1c0) of type: BasicImage
02/04/2015 23:16:50 (Std) 	[ImageManager] Created image: 'TaharezLook/VertScrollThumbNormal' (0x137e4f0) of type: BasicImage
02/04/2015 23:16:50 (Std) 	[ImageManager] Created image: 'TaharezLook/VertScrollThumbHover' (0x137e820) of type: BasicImage
02/04/2015 23:16:50 (Std) 	[ImageManager] Created image: 'TaharezLook/VertScrollUpNormal' (0x137eb50) of type: BasicImage
02/04/2015 23:16:50 (Std) 	[ImageManager] Created image: 'TaharezLook/VertScrollDownNormal' (0x137ed60) of type: BasicImage
02/04/2015 23:16:50 (Std) 	[ImageManager] Created image: 'TaharezLook/VertScrollUpHover' (0x137f090) of type: BasicImage
02/04/2015 23:16:50 (Std) 	[ImageManager] Created image: 'TaharezLook/VertScrollDownHover' (0x137f2a0) of type: BasicImage
02/04/2015 23:16:50 (Std) 	[ImageManager] Created image: 'TaharezLook/MiniVertScrollBarSegment' (0x1302900) of type: BasicImage
02/04/2015 23:16:50 (Std) 	[ImageManager] Created image: 'TaharezLook/MiniVertScrollThumbNormal' (0x142b500) of type: BasicImage
02/04/2015 23:16:50 (Std) 	[ImageManager] Created image: 'TaharezLook/MiniVertScrollThumbTopNormal' (0x142b8f0) of type: BasicImage
02/04/2015 23:16:50 (Std) 	[ImageManager] Created image: 'TaharezLook/MiniVertScrollThumbMiddleNormal' (0x142bc90) of type: BasicImage
02/04/2015 23:16:50 (Std) 	[ImageManager] Created image: 'TaharezLook/MiniVertScrollThumbBottomNormal' (0x142c020) of type: BasicImage
02/04/2015 23:16:50 (Std) 	[ImageManager] Created image: 'TaharezLook/MiniVertScrollThumbTopHover' (0x10b8b50) of type: BasicImage
02/04/2015 23:16:50 (Std) 	[ImageManager] Created image: 'TaharezLook/MiniVertScrollThumbMiddleHover' (0x142c610) of type: BasicImage
02/04/2015 23:16:50 (Std) 	[ImageManager] Created image: 'TaharezLook/MiniVertScrollThumbBottomHover' (0x142c9a0) of type: BasicImage
02/04/2015 23:16:50 (Std) 	[ImageManager] Created image: 'TaharezLook/MiniVertScrollThumbHover' (0x142cd30) of type: BasicImage
02/04/2015 23:16:50 (Std) 	[ImageManager] Created image: 'TaharezLook/MiniVertScrollUpNormal' (0x142d080) of type: BasicImage
02/04/2015 23:16:50 (Std) 	[ImageManager] Created image: 'TaharezLook/MiniVertScrollDownNormal' (0x142d3d0) of type: BasicImage
02/04/2015 23:16:50 (Std) 	[ImageManager] Created image: 'TaharezLook/MiniVertScrollUpHover' (0x142d720) of type: BasicImage
02/04/2015 23:16:50 (Std) 	[ImageManager] Created image: 'TaharezLook/MiniVertScrollDownHover' (0x142da50) of type: BasicImage
02/04/2015 23:16:50 (Std) 	[ImageManager] Created image: 'TaharezLook/VertSliderBody' (0x142dda0) of type: BasicImage
02/04/2015 23:16:50 (Std) 	[ImageManager] Created image: 'TaharezLook/VertSliderThumbNormal' (0x142dfb0) of type: BasicImage
02/04/2015 23:16:50 (Std) 	[ImageManager] Created image: 'TaharezLook/VertSliderThumbHover' (0x142e2e0) of type: BasicImage
02/04/2015 23:16:50 (Std) 	[ImageManager] Created image: 'TaharezLook/MiniHorzScrollBarSegment' (0x142e610) of type: BasicImage
02/04/2015 23:16:50 (Std) 	[ImageManager] Created image: 'TaharezLook/MiniHorzScrollThumbNormal' (0x142e960) of type: BasicImage
02/04/2015 23:16:50 (Std) 	[ImageManager] Created image: 'TaharezLook/MiniHorzScrollThumbLeftNormal' (0x142ecb0) of type: BasicImage
02/04/2015 23:16:50 (Std) 	[ImageManager] Created image: 'TaharezLook/MiniHorzScrollThumbMiddleNormal' (0x142f0d0) of type: BasicImage
02/04/2015 23:16:50 (Std) 	[ImageManager] Created image: 'TaharezLook/MiniHorzScrollThumbRightNormal' (0x142f460) of type: BasicImage
02/04/2015 23:16:50 (Std) 	[ImageManager] Created image: 'TaharezLook/MiniHorzScrollThumbHover' (0x142f7f0) of type: BasicImage
02/04/2015 23:16:50 (Std) 	[ImageManager] Created image: 'TaharezLook/MiniHorzScrollThumbLeftHover' (0x142fb40) of type: BasicImage
02/04/2015 23:16:50 (Std) 	[ImageManager] Created image: 'TaharezLook/MiniHorzScrollThumbMiddleHover' (0x142feb0) of type: BasicImage
02/04/2015 23:16:50 (Std) 	[ImageManager] Created image: 'TaharezLook/MiniHorzScrollThumbRightHover' (0x1430240) of type: BasicImage
02/04/2015 23:16:50 (Std) 	[ImageManager] Created image: 'TaharezLook/MiniHorzScrollLeftNormal' (0x14305b0) of type: BasicImage
02/04/2015 23:16:50 (Std) 	[ImageManager] Created image: 'TaharezLook/MiniHorzScrollRightNormal' (0x1430900) of type: BasicImage
02/04/2015 23:16:50 (Std) 	[ImageManager] Created image: 'TaharezLook/MiniHorzScrollLeftHover' (0x1430c50) of type: BasicImage
02/04/2015 23:16:50 (Std) 	[ImageManager] Created image: 'TaharezLook/MiniHorzScrollRightHover' (0x1430fa0) of type: BasicImage
02/04/2015 23:16:50 (Std) 	[ImageManager] Created image: 'TaharezLook/ListboxLeft' (0x14312f0) of type: BasicImage
02/04/2015 23:16:50 (Std) 	[ImageManager] Created image: 'TaharezLook/ListboxRight' (0x1431500) of type: BasicImage
02/04/2015 23:16:50 (Std) 	[ImageManager] Created image: 'TaharezLook/ListboxTop' (0x1431710) of type: BasicImage
02/04/2015 23:16:50 (Std) 	[ImageManager] Created image: 'TaharezLook/ListboxBottom' (0x1431920) of type: BasicImage
02/04/2015 23:16:50 (Std) 	[ImageManager] Created image: 'TaharezLook/ListboxTopLeft' (0x14c7dd0) of type: BasicImage
02/04/2015 23:16:50 (Std) 	[ImageManager] Created image: 'TaharezLook/ListboxTopRight' (0x14c7fe0) of type: BasicImage
02/04/2015 23:16:50 (Std) 	[ImageManager] Created image: 'TaharezLook/ListboxBottomLeft' (0x14c81f0) of type: BasicImage
02/04/2015 23:16:50 (Std) 	[ImageManager] Created image: 'TaharezLook/ListboxBottomRight' (0x14c8400) of type: BasicImage
02/04/2015 23:16:50 (Std) 	[ImageManager] Created image: 'TaharezLook/ListboxBackdrop' (0x14c8610) of type: BasicImage
02/04/2015 23:16:50 (Std) 	[ImageManager] Created image: 'TaharezLook/ListboxSelectionBrush' (0x14c8820) of type: BasicImage
02/04/2015 23:16:50 (Std) 	[ImageManager] Created image: 'TaharezLook/ComboboxEditLeft' (0x14c8a30) of type: BasicImage
02/04/2015 23:16:50 (Std) 	[ImageManager] Created image: 'TaharezLook/ComboboxEditMiddle' (0x14c8c40) of type: BasicImage
02/04/2015 23:16:50 (Std) 	[ImageManager] Created image: 'TaharezLook/ComboboxListButtonNormal' (0x14c8e50) of type: BasicImage
02/04/2015 23:16:50 (Std) 	[ImageManager] Created image: 'TaharezLook/ComboboxListButtonHover' (0x14c9060) of type: BasicImage
02/04/2015 23:16:50 (Std) 	[ImageManager] Created image: 'TaharezLook/ComboboxListLeft' (0x14c9270) of type: BasicImage
02/04/2015 23:16:50 (Std) 	[ImageManager] Created image: 'TaharezLook/ComboboxListRight' (0x14c9480) of type: BasicImage
02/04/2015 23:16:50 (Std) 	[ImageManager] Created image: 'TaharezLook/ComboboxListTop' (0x14c9690) of type: BasicImage
02/04/2015 23:16:50 (Std) 	[ImageManager] Created image: 'TaharezLook/ComboboxListBottom' (0x14c98a0) of type: BasicImage
02/04/2015 23:16:50 (Std) 	[ImageManager] Created image: 'TaharezLook/ComboboxListTopLeft' (0x14c9ab0) of type: BasicImage
02/04/2015 23:16:50 (Std) 	[ImageManager] Created image: 'TaharezLook/ComboboxListTopRight' (0x14c9cc0) of type: BasicImage
02/04/2015 23:16:50 (Std) 	[ImageManager] Created image: 'TaharezLook/ComboboxListBottomLeft' (0x14c9ed0) of type: BasicImage
02/04/2015 23:16:50 (Std) 	[ImageManager] Created image: 'TaharezLook/ComboboxListBottomRight' (0x14ca220) of type: BasicImage
02/04/2015 23:16:50 (Std) 	[ImageManager] Created image: 'TaharezLook/ComboboxListBackdrop' (0x14ca570) of type: BasicImage
02/04/2015 23:16:50 (Std) 	[ImageManager] Created image: 'TaharezLook/ComboboxSelectionBrush' (0x14ca910) of type: BasicImage
02/04/2015 23:16:50 (Std) 	[ImageManager] Created image: 'TaharezLook/ComboboxDividerLeft' (0x14cac60) of type: BasicImage
02/04/2015 23:16:50 (Std) 	[ImageManager] Created image: 'TaharezLook/ComboboxDividerMiddle' (0x14cae70) of type: BasicImage
02/04/2015 23:16:50 (Std) 	[ImageManager] Created image: 'TaharezLook/ComboboxDividerRight' (0x14cb080) of type: BasicImage
02/04/2015 23:16:50 (Std) 	[ImageManager] Created image: 'TaharezLook/HeaderBarBackdropNormal' (0x14cb540) of type: BasicImage
02/04/2015 23:16:50 (Std) 	[ImageManager] Created image: 'TaharezLook/HeaderBarBackdropHover' (0x14cb930) of type: BasicImage
02/04/2015 23:16:50 (Std) 	[ImageManager] Created image: 'TaharezLook/HeaderBarSplitterNormal' (0x14cbc80) of type: BasicImage
02/04/2015 23:16:50 (Std) 	[ImageManager] Created image: 'TaharezLook/HeaderBarSplitterHover' (0x14cbfd0) of type: BasicImage
02/04/2015 23:16:50 (Std) 	[ImageManager] Created image: 'TaharezLook/HeaderBarSortUp' (0x14cc320) of type: BasicImage
02/04/2015 23:16:50 (Std) 	[ImageManager] Created image: 'TaharezLook/HeaderBarSortDown' (0x14cc530) of type: BasicImage
02/04/2015 23:16:50 (Std) 	[ImageManager] Created image: 'TaharezLook/MultiListLeft' (0x14cc740) of type: BasicImage
02/04/2015 23:16:50 (Std) 	[ImageManager] Created image: 'TaharezLook/MultiListRight' (0x14cc950) of type: BasicImage
02/04/2015 23:16:50 (Std) 	[ImageManager] Created image: 'TaharezLook/MultiListTop' (0x14ccb60) of type: BasicImage
02/04/2015 23:16:50 (Std) 	[ImageManager] Created image: 'TaharezLook/MultiListBottom' (0x14ccd70) of type: BasicImage
02/04/2015 23:16:50 (Std) 	[ImageManager] Created image: 'TaharezLook/MultiListTopLeft' (0x14ccf80) of type: BasicImage
02/04/2015 23:16:50 (Std) 	[ImageManager] Created image: 'TaharezLook/MultiListTopRight' (0x14cd190) of type: BasicImage
02/04/2015 23:16:50 (Std) 	[ImageManager] Created image: 'TaharezLook/MultiListBottomLeft' (0x14cd3a0) of type: BasicImage
02/04/2015 23:16:50 (Std) 	[ImageManager] Created image: 'TaharezLook/MultiListBottomRight' (0x14cd5b0) of type: BasicImage
02/04/2015 23:16:50 (Std) 	[ImageManager] Created image: 'TaharezLook/MultiListBackdrop' (0x14cd7c0) of type: BasicImage
02/04/2015 23:16:50 (Std) 	[ImageManager] Created image: 'TaharezLook/MultiListSelectionBrush' (0x14cd9d0) of type: BasicImage
02/04/2015 23:16:50 (Std) 	[ImageManager] Created image: 'TaharezLook/AltProgressLeft' (0x14cddc0) of type: BasicImage
02/04/2015 23:16:50 (Std) 	[ImageManager] Created image: 'TaharezLook/AltProgressMiddle' (0x14cdfd0) of type: BasicImage
02/04/2015 23:16:50 (Std) 	[ImageManager] Created image: 'TaharezLook/AltProgressRight' (0x14ce1e0) of type: BasicImage
02/04/2015 23:16:50 (Std) 	[ImageManager] Created image: 'TaharezLook/AltProgressQuarter' (0x14ce3f0) of type: BasicImage
02/04/2015 23:16:50 (Std) 	[ImageManager] Created image: 'TaharezLook/AltProgressHalf' (0x14ce600) of type: BasicImage
02/04/2015 23:16:50 (Std) 	[ImageManager] Created image: 'TaharezLook/AltProgressLight1' (0x14ce810) of type: BasicImage
02/04/2015 23:16:50 (Std) 	[ImageManager] Created image: 'TaharezLook/AltProgressLight2' (0x14cea20) of type: BasicImage
02/04/2015 23:16:50 (Std) 	[ImageManager] Created image: 'TaharezLook/AltProgressLight3' (0x14cec30) of type: BasicImage
02/04/2015 23:16:50 (Std) 	[ImageManager] Created image: 'TaharezLook/AltProgressLight4' (0x14cee40) of type: BasicImage
02/04/2015 23:16:50 (Std) 	[ImageManager] Created image: 'TaharezLook/AltProgressLight5' (0x14cf050) of type: BasicImage
02/04/2015 23:16:50 (Std) 	[ImageManager] Created image: 'TaharezLook/AltProgressLight6' (0x14cf260) of type: BasicImage
02/04/2015 23:16:50 (Std) 	[ImageManager] Created image: 'TaharezLook/AltProgressLight7' (0x14cf470) of type: BasicImage
02/04/2015 23:16:50 (Std) 	[ImageManager] Created image: 'TaharezLook/AltProgressLight8' (0x14cf680) of type: BasicImage
02/04/2015 23:16:50 (Std) 	[ImageManager] Created image: 'TaharezLook/AltProgressLight9' (0x14cf890) of type: BasicImage
02/04/2015 23:16:50 (Std) 	[ImageManager] Created image: 'TaharezLook/AltProgressLight10' (0x14cfaa0) of type: BasicImage
02/04/2015 23:16:50 (Std) 	[ImageManager] Created image: 'TaharezLook/CloseButtonNormal' (0x14cfcb0) of type: BasicImage
02/04/2015 23:16:50 (Std) 	[ImageManager] Created image: 'TaharezLook/CloseButtonHover' (0x14cfec0) of type: BasicImage
02/04/2015 23:16:50 (Std) 	[ImageManager] Created image: 'TaharezLook/CloseButtonPressed' (0x14d00d0) of type: BasicImage
02/04/2015 23:16:50 (Std) 	[ImageManager] Created image: 'TaharezLook/NewCloseButtonNormal' (0x14d02e0) of type: BasicImage
02/04/2015 23:16:50 (Std) 	[ImageManager] Created image: 'TaharezLook/NewCloseButtonHover' (0x14d04f0) of type: BasicImage
02/04/2015 23:16:50 (Std) 	[ImageManager] Created image: 'TaharezLook/NewCloseButtonPressed' (0x14d0700) of type: BasicImage
02/04/2015 23:16:50 (Std) 	[ImageManager] Created image: 'TaharezLook/MultiLineEditboxLeft' (0x14d0a30) of type: BasicImage
02/04/2015 23:16:50 (Std) 	[ImageManager] Created image: 'TaharezLook/MultiLineEditboxRight' (0x14d0d60) of type: BasicImage
02/04/2015 23:16:50 (Std) 	[ImageManager] Created image: 'TaharezLook/MultiLineEditboxTop' (0x14d1090) of type: BasicImage
02/04/2015 23:16:50 (Std) 	[ImageManager] Created image: 'TaharezLook/MultiLineEditboxBottom' (0x14d1430) of type: BasicImage
02/04/2015 23:16:50 (Std) 	[ImageManager] Created image: 'TaharezLook/MultiLineEditboxTopLeft' (0x14d1820) of type: BasicImage
02/04/2015 23:16:50 (Std) 	[ImageManager] Created image: 'TaharezLook/MultiLineEditboxTopRight' (0x14d1b70) of type: BasicImage
02/04/2015 23:16:50 (Std) 	[ImageManager] Created image: 'TaharezLook/MultiLineEditboxBottomLeft' (0x14d2050) of type: BasicImage
02/04/2015 23:16:50 (Std) 	[ImageManager] Created image: 'TaharezLook/MultiLineEditboxBottomRight' (0x14d2470) of type: BasicImage
02/04/2015 23:16:50 (Std) 	[ImageManager] Created image: 'TaharezLook/MultiLineEditboxBackdrop' (0x14d27e0) of type: BasicImage
02/04/2015 23:16:50 (Std) 	[ImageManager] Created image: 'TaharezLook/MultiLineEditboxSelectionBrush' (0x14d2b80) of type: BasicImage
02/04/2015 23:16:50 (Std) 	[ImageManager] Created image: 'TaharezLook/MouseTarget' (0x14d3480) of type: BasicImage
02/04/2015 23:16:50 (Std) 	[ImageManager] Created image: 'TaharezLook/MouseArrow' (0x137f4b0) of type: BasicImage
02/04/2015 23:16:50 (Std) 	[ImageManager] Created image: 'TaharezLook/MouseMoveCursor' (0x14d39b0) of type: BasicImage
02/04/2015 23:16:50 (Std) 	[ImageManager] Created image: 'TaharezLook/MouseNoSoCursor' (0x14d3bc0) of type: BasicImage
02/04/2015 23:16:50 (Std) 	[ImageManager] Created image: 'TaharezLook/MouseEsWeCursor' (0x14d3dd0) of type: BasicImage
02/04/2015 23:16:50 (Std) 	[ImageManager] Created image: 'TaharezLook/MouseNeSwCursor' (0x14d3fe0) of type: BasicImage
02/04/2015 23:16:50 (Std) 	[ImageManager] Created image: 'TaharezLook/MouseNwSeCursor' (0x14d41f0) of type: BasicImage
02/04/2015 23:16:50 (Std) 	[ImageManager] Created image: 'TaharezLook/MouseTextBar' (0x14d4400) of type: BasicImage
02/04/2015 23:16:50 (Std) 	[ImageManager] Created image: 'TaharezLook/TabHorizontalFiller' (0x14d3690) of type: BasicImage
02/04/2015 23:16:50 (Std) 	[ImageManager] Created image: 'TaharezLook/TabContentPaneUpperLeft' (0x14d30c0) of type: BasicImage
02/04/2015 23:16:50 (Std) 	[ImageManager] Created image: 'TaharezLook/TabContentPaneUpper' (0x14d4610) of type: BasicImage
02/04/2015 23:16:50 (Std) 	[ImageManager] Created image: 'TaharezLook/TabContentPaneUpperRight' (0x14d4730) of type: BasicImage
02/04/2015 23:16:50 (Std) 	[ImageManager] Created image: 'TaharezLook/TabContentPaneLeft' (0x14d4940) of type: BasicImage
02/04/2015 23:16:50 (Std) 	[ImageManager] Created image: 'TaharezLook/TabContentPaneRight' (0x14d4b50) of type: BasicImage
02/04/2015 23:16:50 (Std) 	[ImageManager] Created image: 'TaharezLook/TabContentPaneLower' (0x14d4d60) of type: BasicImage
02/04/2015 23:16:50 (Std) 	[ImageManager] Created image: 'TaharezLook/TabContentPaneLowerLeft' (0x14d4f70) of type: BasicImage
02/04/2015 23:16:50 (Std) 	[ImageManager] Created image: 'TaharezLook/TabContentPaneLowerRight' (0x14d52c0) of type: BasicImage
02/04/2015 23:16:50 (Std) 	[ImageManager] Created image: 'TaharezLook/TabContentPaneMiddle' (0x14d5610) of type: BasicImage
02/04/2015 23:16:50 (Std) 	[ImageManager] Created image: 'TaharezLook/TabButtonScrollLeftNormal' (0x14d5820) of type: BasicImage
02/04/2015 23:16:50 (Std) 	[ImageManager] Created image: 'TaharezLook/TabButtonScrollRightNormal' (0x14d5da0) of type: BasicImage
02/04/2015 23:16:50 (Std) 	[ImageManager] Created image: 'TaharezLook/TabButtonScrollLeftHover' (0x142bb00) of type: BasicImage
02/04/2015 23:16:50 (Std) 	[ImageManager] Created image: 'TaharezLook/TabButtonScrollRightHover' (0x14d6350) of type: BasicImage
02/04/2015 23:16:50 (Std) 	[ImageManager] Created image: 'TaharezLook/TabButtonLeftNormal' (0x14d66a0) of type: BasicImage
02/04/2015 23:16:50 (Std) 	[ImageManager] Created image: 'TaharezLook/TabButtonRightNormal' (0x14d68b0) of type: BasicImage
02/04/2015 23:16:50 (Std) 	[ImageManager] Created image: 'TaharezLook/TabButtonUpperNormal' (0x14d6ac0) of type: BasicImage
02/04/2015 23:16:50 (Std) 	[ImageManager] Created image: 'TaharezLook/TabButtonLowerNormal' (0x14d6df0) of type: BasicImage
02/04/2015 23:16:50 (Std) 	[ImageManager] Created image: 'TaharezLook/TabButtonUpperLeftNormal' (0x14d72b0) of type: BasicImage
02/04/2015 23:16:50 (Std) 	[ImageManager] Created image: 'TaharezLook/TabButtonUpperLeft2Normal' (0x14d76a0) of type: BasicImage
02/04/2015 23:16:50 (Std) 	[ImageManager] Created image: 'TaharezLook/TabButtonUpperRightNormal' (0x14d79f0) of type: BasicImage
02/04/2015 23:16:50 (Std) 	[ImageManager] Created image: 'TaharezLook/TabButtonLowerLeftNormal' (0x14d7d40) of type: BasicImage
02/04/2015 23:16:50 (Std) 	[ImageManager] Created image: 'TaharezLook/TabButtonLowerRightNormal' (0x14d8090) of type: BasicImage
02/04/2015 23:16:50 (Std) 	[ImageManager] Created image: 'TaharezLook/TabButtonLowerRight2Normal' (0x14d8570) of type: BasicImage
02/04/2015 23:16:50 (Std) 	[ImageManager] Created image: 'TaharezLook/TabButtonMiddleNormal' (0x14d1ec0) of type: BasicImage
02/04/2015 23:16:50 (Std) 	[ImageManager] Created image: 'TaharezLook/TabButtonLeftSelected' (0x14d8a80) of type: BasicImage
02/04/2015 23:16:50 (Std) 	[ImageManager] Created image: 'TaharezLook/TabButtonRightSelected' (0x14d8e20) of type: BasicImage
02/04/2015 23:16:50 (Std) 	[ImageManager] Created image: 'TaharezLook/TabButtonUpperSelected' (0x14d9170) of type: BasicImage
02/04/2015 23:16:50 (Std) 	[ImageManager] Created image: 'TaharezLook/TabButtonLowerSelected' (0x14d94c0) of type: BasicImage
02/04/2015 23:16:50 (Std) 	[ImageManager] Created image: 'TaharezLook/TabButtonUpperLeftSelected' (0x14d99a0) of type: BasicImage
02/04/2015 23:16:50 (Std) 	[ImageManager] Created image: 'TaharezLook/TabButtonUpperRightSelected' (0x14d9dc0) of type: BasicImage
02/04/2015 23:16:50 (Std) 	[ImageManager] Created image: 'TaharezLook/TabButtonLowerLeftSelected' (0x14da130) of type: BasicImage
02/04/2015 23:16:50 (Std) 	[ImageManager] Created image: 'TaharezLook/TabButtonLowerRightSelected' (0x14da4a0) of type: BasicImage
02/04/2015 23:16:50 (Std) 	[ImageManager] Created image: 'TaharezLook/TabButtonMiddleSelected' (0x14da810) of type: BasicImage
02/04/2015 23:16:50 (Std) 	[ImageManager] Created image: 'TaharezLook/TooltipTopLeft' (0x14daa20) of type: BasicImage
02/04/2015 23:16:50 (Std) 	[ImageManager] Created image: 'TaharezLook/TooltipTopRight' (0x14dac30) of type: BasicImage
02/04/2015 23:16:50 (Std) 	[ImageManager] Created image: 'TaharezLook/TooltipBottomLeft' (0x14dae40) of type: BasicImage
02/04/2015 23:16:50 (Std) 	[ImageManager] Created image: 'TaharezLook/TooltipBottomRight' (0x14db050) of type: BasicImage
02/04/2015 23:16:50 (Std) 	[ImageManager] Created image: 'TaharezLook/TooltipLeftEdge' (0x14db260) of type: BasicImage
02/04/2015 23:16:50 (Std) 	[ImageManager] Created image: 'TaharezLook/TooltipRightEdge' (0x14db470) of type: BasicImage
02/04/2015 23:16:50 (Std) 	[ImageManager] Created image: 'TaharezLook/TooltipTopEdge' (0x14db680) of type: BasicImage
02/04/2015 23:16:50 (Std) 	[ImageManager] Created image: 'TaharezLook/TooltipBottomEdge' (0x14db890) of type: BasicImage
02/04/2015 23:16:50 (Std) 	[ImageManager] Created image: 'TaharezLook/TooltipMiddle' (0x14dbaa0) of type: BasicImage
02/04/2015 23:16:50 (Std) 	[ImageManager] Created image: 'TaharezLook/MenuTopLeft' (0x14dbcb0) of type: BasicImage
02/04/2015 23:16:50 (Std) 	[ImageManager] Created image: 'TaharezLook/MenuTopRight' (0x14dbec0) of type: BasicImage
02/04/2015 23:16:50 (Std) 	[ImageManager] Created image: 'TaharezLook/MenuBottomLeft' (0x14dc0d0) of type: BasicImage
02/04/2015 23:16:50 (Std) 	[ImageManager] Created image: 'TaharezLook/MenuBottomRight' (0x14dc2e0) of type: BasicImage
02/04/2015 23:16:50 (Std) 	[ImageManager] Created image: 'TaharezLook/MenuLeft' (0x14dc4f0) of type: BasicImage
02/04/2015 23:16:50 (Std) 	[ImageManager] Created image: 'TaharezLook/MenuRight' (0x14dc700) of type: BasicImage
02/04/2015 23:16:50 (Std) 	[ImageManager] Created image: 'TaharezLook/MenuTop' (0x14dc910) of type: BasicImage
02/04/2015 23:16:50 (Std) 	[ImageManager] Created image: 'TaharezLook/MenuBottom' (0x14dcb20) of type: BasicImage
02/04/2015 23:16:50 (Std) 	[ImageManager] Created image: 'TaharezLook/MenuMiddle' (0x14dcd30) of type: BasicImage
02/04/2015 23:16:50 (Std) 	[ImageManager] Created image: 'TaharezLook/PopupMenuFrameTopLeft' (0x14dcf40) of type: BasicImage
02/04/2015 23:16:50 (Std) 	[ImageManager] Created image: 'TaharezLook/PopupMenuFrameTopRight' (0x14dd150) of type: BasicImage
02/04/2015 23:16:50 (Std) 	[ImageManager] Created image: 'TaharezLook/PopupMenuFrameBottomLeft' (0x14dd540) of type: BasicImage
02/04/2015 23:16:50 (Std) 	[ImageManager] Created image: 'TaharezLook/PopupMenuFrameBottomRight' (0x14dd890) of type: BasicImage
02/04/2015 23:16:50 (Std) 	[ImageManager] Created image: 'TaharezLook/PopupMenuFrameLeft' (0x14ddbe0) of type: BasicImage
02/04/2015 23:16:50 (Std) 	[ImageManager] Created image: 'TaharezLook/PopupMenuFrameRight' (0x14dddf0) of type: BasicImage
02/04/2015 23:16:50 (Std) 	[ImageManager] Created image: 'TaharezLook/PopupMenuFrameTop' (0x14de000) of type: BasicImage
02/04/2015 23:16:50 (Std) 	[ImageManager] Created image: 'TaharezLook/PopupMenuFrameBottom' (0x14de210) of type: BasicImage
02/04/2015 23:16:50 (Std) 	[ImageManager] Created image: 'TaharezLook/PopupMenuMiddle' (0x14de420) of type: BasicImage
02/04/2015 23:16:50 (Std) 	[ImageManager] Created image: 'TaharezLook/PopupMenuArrowRight' (0x14de630) of type: BasicImage
02/04/2015 23:16:50 (Std) 	[ImageManager] Created image: 'TaharezLook/PopupMenuArrowLeft' (0x14de840) of type: BasicImage
02/04/2015 23:16:50 (Std) 	[ImageManager] Created image: 'TaharezLook/TreeListClosed' (0x14dea50) of type: BasicImage
02/04/2015 23:16:50 (Std) 	[ImageManager] Created image: 'TaharezLook/TreeListOpened' (0x14dec60) of type: BasicImage
02/04/2015 23:16:50 (Std) 	===== Falagard 'root' element: look and feel parsing begins =====
02/04/2015 23:16:50 (Std) 	===== Look and feel parsing completed =====
02/04/2015 23:16:50 (Std) 	No window renderer factories specified for module 'CEGUICoreWindowRendererSet' - adding all available factories...
02/04/2015 23:16:50 (Std) 	Created WindowRendererFactory for 'Core/Button' WindowRenderers.
02/04/2015 23:16:50 (Std) 	WindowRendererFactory 'Core/Button' added. (0x1724710)
02/04/2015 23:16:50 (Std) 	Created WindowRendererFactory for 'Core/Default' WindowRenderers.
02/04/2015 23:16:50 (Std) 	WindowRendererFactory 'Core/Default' added. (0x1769110)
02/04/2015 23:16:50 (Std) 	Created WindowRendererFactory for 'Core/Editbox' WindowRenderers.
02/04/2015 23:16:50 (Std) 	WindowRendererFactory 'Core/Editbox' added. (0x17692b0)
02/04/2015 23:16:50 (Std) 	Created WindowRendererFactory for 'Core/FrameWindow' WindowRenderers.
02/04/2015 23:16:50 (Std) 	WindowRendererFactory 'Core/FrameWindow' added. (0x1769370)
02/04/2015 23:16:50 (Std) 	Created WindowRendererFactory for 'Core/ItemEntry' WindowRenderers.
02/04/2015 23:16:50 (Std) 	WindowRendererFactory 'Core/ItemEntry' added. (0x174b0c0)
02/04/2015 23:16:50 (Std) 	Created WindowRendererFactory for 'Core/ListHeader' WindowRenderers.
02/04/2015 23:16:50 (Std) 	WindowRendererFactory 'Core/ListHeader' added. (0x156f020)
02/04/2015 23:16:50 (Std) 	Created WindowRendererFactory for 'Core/ListHeaderSegment' WindowRenderers.
02/04/2015 23:16:50 (Std) 	WindowRendererFactory 'Core/ListHeaderSegment' added. (0x156f1c0)
02/04/2015 23:16:50 (Std) 	Created WindowRendererFactory for 'Core/Listbox' WindowRenderers.
02/04/2015 23:16:50 (Std) 	WindowRendererFactory 'Core/Listbox' added. (0x16b9ae0)
02/04/2015 23:16:50 (Std) 	Created WindowRendererFactory for 'Core/Menubar' WindowRenderers.
02/04/2015 23:16:50 (Std) 	WindowRendererFactory 'Core/Menubar' added. (0x16b9c80)
02/04/2015 23:16:50 (Std) 	Created WindowRendererFactory for 'Core/MenuItem' WindowRenderers.
02/04/2015 23:16:50 (Std) 	WindowRendererFactory 'Core/MenuItem' added. (0x16b9e20)
02/04/2015 23:16:50 (Std) 	Created WindowRendererFactory for 'Core/MultiColumnList' WindowRenderers.
02/04/2015 23:16:50 (Std) 	WindowRendererFactory 'Core/MultiColumnList' added. (0x16b9fc0)
02/04/2015 23:16:50 (Std) 	Created WindowRendererFactory for 'Core/MultiLineEditbox' WindowRenderers.
02/04/2015 23:16:50 (Std) 	WindowRendererFactory 'Core/MultiLineEditbox' added. (0x176aa90)
02/04/2015 23:16:50 (Std) 	Created WindowRendererFactory for 'Core/PopupMenu' WindowRenderers.
02/04/2015 23:16:50 (Std) 	WindowRendererFactory 'Core/PopupMenu' added. (0x176ac30)
02/04/2015 23:16:50 (Std) 	Created WindowRendererFactory for 'Core/ProgressBar' WindowRenderers.
02/04/2015 23:16:50 (Std) 	WindowRendererFactory 'Core/ProgressBar' added. (0x176add0)
02/04/2015 23:16:50 (Std) 	Created WindowRendererFactory for 'Core/ScrollablePane' WindowRenderers.
02/04/2015 23:16:50 (Std) 	WindowRendererFactory 'Core/ScrollablePane' added. (0x176af70)
02/04/2015 23:16:50 (Std) 	Created WindowRendererFactory for 'Core/Scrollbar' WindowRenderers.
02/04/2015 23:16:50 (Std) 	WindowRendererFactory 'Core/Scrollbar' added. (0x176b110)
02/04/2015 23:16:50 (Std) 	Created WindowRendererFactory for 'Core/Slider' WindowRenderers.
02/04/2015 23:16:50 (Std) 	WindowRendererFactory 'Core/Slider' added. (0x1767e20)
02/04/2015 23:16:50 (Std) 	Created WindowRendererFactory for 'Core/Static' WindowRenderers.
02/04/2015 23:16:50 (Std) 	WindowRendererFactory 'Core/Static' added. (0x17680d0)
02/04/2015 23:16:50 (Std) 	Created WindowRendererFactory for 'Core/StaticImage' WindowRenderers.
02/04/2015 23:16:50 (Std) 	WindowRendererFactory 'Core/StaticImage' added. (0x1768270)
02/04/2015 23:16:50 (Std) 	Created WindowRendererFactory for 'Core/StaticText' WindowRenderers.
02/04/2015 23:16:50 (Std) 	WindowRendererFactory 'Core/StaticText' added. (0x1768410)
02/04/2015 23:16:50 (Std) 	Created WindowRendererFactory for 'Core/TabButton' WindowRenderers.
02/04/2015 23:16:50 (Std) 	WindowRendererFactory 'Core/TabButton' added. (0x17696f0)
02/04/2015 23:16:50 (Std) 	Created WindowRendererFactory for 'Core/TabControl' WindowRenderers.
02/04/2015 23:16:50 (Std) 	WindowRendererFactory 'Core/TabControl' added. (0x1769890)
02/04/2015 23:16:50 (Std) 	Created WindowRendererFactory for 'Core/Titlebar' WindowRenderers.
02/04/2015 23:16:50 (Std) 	WindowRendererFactory 'Core/Titlebar' added. (0x1769a30)
02/04/2015 23:16:50 (Std) 	Created WindowRendererFactory for 'Core/ToggleButton' WindowRenderers.
02/04/2015 23:16:50 (Std) 	WindowRendererFactory 'Core/ToggleButton' added. (0x1769bd0)
02/04/2015 23:16:50 (Std) 	Created WindowRendererFactory for 'Core/Tooltip' WindowRenderers.
02/04/2015 23:16:50 (Std) 	WindowRendererFactory 'Core/Tooltip' added. (0x1769d70)
02/04/2015 23:16:50 (Std) 	Created WindowRendererFactory for 'Core/ItemListbox' WindowRenderers.
02/04/2015 23:16:50 (Std) 	WindowRendererFactory 'Core/ItemListbox' added. (0x1769f10)
02/04/2015 23:16:50 (Std) 	Created WindowRendererFactory for 'Core/Tree' WindowRenderers.
02/04/2015 23:16:50 (Std) 	WindowRendererFactory 'Core/Tree' added. (0x176a0b0)
02/04/2015 23:16:50 (Std) 	Creating falagard mapping for type 'TaharezLook/Label' using base type 'DefaultWindow', window renderer 'Core/Default' Look'N'Feel 'TaharezLook/Label' and RenderEffect ''. (0x7fff5db6fa40)
02/04/2015 23:16:50 (Std) 	Creating falagard mapping for type 'TaharezLook/Button' using base type 'CEGUI/PushButton', window renderer 'Core/Button' Look'N'Feel 'TaharezLook/Button' and RenderEffect ''. (0x7fff5db6fa40)
02/04/2015 23:16:50 (Std) 	Creating falagard mapping for type 'TaharezLook/Checkbox' using base type 'CEGUI/ToggleButton', window renderer 'Core/ToggleButton' Look'N'Feel 'TaharezLook/Checkbox' and RenderEffect ''. (0x7fff5db6fa40)
02/04/2015 23:16:50 (Std) 	Creating falagard mapping for type 'TaharezLook/ImageButton' using base type 'CEGUI/PushButton', window renderer 'Core/Button' Look'N'Feel 'TaharezLook/ImageButton' and RenderEffect ''. (0x7fff5db6fa40)
02/04/2015 23:16:50 (Std) 	Creating falagard mapping for type 'TaharezLook/RadioButton' using base type 'CEGUI/RadioButton', window renderer 'Core/ToggleButton' Look'N'Feel 'TaharezLook/RadioButton' and RenderEffect ''. (0x7fff5db6fa40)
02/04/2015 23:16:50 (Std) 	Creating falagard mapping for type 'TaharezLook/FrameWindow' using base type 'CEGUI/FrameWindow', window renderer 'Core/FrameWindow' Look'N'Feel 'TaharezLook/FrameWindow' and RenderEffect ''. (0x7fff5db6fa40)
02/04/2015 23:16:50 (Std) 	Creating falagard mapping for type 'TaharezLook/Titlebar' using base type 'CEGUI/Titlebar', window renderer 'Core/Titlebar' Look'N'Feel 'TaharezLook/Titlebar' and RenderEffect ''. (0x7fff5db6fa40)
02/04/2015 23:16:50 (Std) 	Creating falagard mapping for type 'TaharezLook/Editbox' using base type 'CEGUI/Editbox', window renderer 'Core/Editbox' Look'N'Feel 'TaharezLook/Editbox' and RenderEffect ''. (0x7fff5db6fa40)
02/04/2015 23:16:50 (Std) 	Creating falagard mapping for type 'TaharezLook/MultiLineEditbox' using base type 'CEGUI/MultiLineEditbox', window renderer 'Core/MultiLineEditbox' Look'N'Feel 'TaharezLook/MultiLineEditbox' and RenderEffect ''. (0x7fff5db6fa40)
02/04/2015 23:16:50 (Std) 	Creating falagard mapping for type 'TaharezLook/Menubar' using base type 'CEGUI/Menubar', window renderer 'Core/Menubar' Look'N'Feel 'TaharezLook/Menubar' and RenderEffect ''. (0x7fff5db6fa40)
02/04/2015 23:16:50 (Std) 	Creating falagard mapping for type 'TaharezLook/PopupMenu' using base type 'CEGUI/PopupMenu', window renderer 'Core/PopupMenu' Look'N'Feel 'TaharezLook/PopupMenu' and RenderEffect ''. (0x7fff5db6fa40)
02/04/2015 23:16:50 (Std) 	Creating falagard mapping for type 'TaharezLook/MenuItem' using base type 'CEGUI/MenuItem', window renderer 'Core/MenuItem' Look'N'Feel 'TaharezLook/MenuItem' and RenderEffect ''. (0x7fff5db6fa40)
02/04/2015 23:16:50 (Std) 	Creating falagard mapping for type 'TaharezLook/AlternateProgressBar' using base type 'CEGUI/ProgressBar', window renderer 'Core/ProgressBar' Look'N'Feel 'TaharezLook/AltProgressBar' and RenderEffect ''. (0x7fff5db6fa40)
02/04/2015 23:16:50 (Std) 	Creating falagard mapping for type 'TaharezLook/ProgressBar' using base type 'CEGUI/ProgressBar', window renderer 'Core/ProgressBar' Look'N'Feel 'TaharezLook/ProgressBar' and RenderEffect ''. (0x7fff5db6fa40)
02/04/2015 23:16:50 (Std) 	Creating falagard mapping for type 'TaharezLook/VUMeter' using base type 'CEGUI/ProgressBar', window renderer 'Core/ProgressBar' Look'N'Feel 'TaharezLook/VUMeter' and RenderEffect ''. (0x7fff5db6fa40)
02/04/2015 23:16:50 (Std) 	Creating falagard mapping for type 'TaharezLook/VerticalScrollbar' using base type 'CEGUI/Scrollbar', window renderer 'Core/Scrollbar' Look'N'Feel 'TaharezLook/VerticalScrollbar' and RenderEffect ''. (0x7fff5db6fa40)
02/04/2015 23:16:50 (Std) 	Creating falagard mapping for type 'TaharezLook/HorizontalScrollbar' using base type 'CEGUI/Scrollbar', window renderer 'Core/Scrollbar' Look'N'Feel 'TaharezLook/HorizontalScrollbar' and RenderEffect ''. (0x7fff5db6fa40)
02/04/2015 23:16:50 (Std) 	Creating falagard mapping for type 'TaharezLook/VerticalScrollbarThumb' using base type 'CEGUI/Thumb', window renderer 'Core/Button' Look'N'Feel 'TaharezLook/VerticalScrollbarThumb' and RenderEffect ''. (0x7fff5db6fa40)
02/04/2015 23:16:50 (Std) 	Creating falagard mapping for type 'TaharezLook/HorizontalScrollbarThumb' using base type 'CEGUI/Thumb', window renderer 'Core/Button' Look'N'Feel 'TaharezLook/HorizontalScrollbarThumb' and RenderEffect ''. (0x7fff5db6fa40)
02/04/2015 23:16:50 (Std) 	Creating falagard mapping for type 'TaharezLook/LargeVerticalScrollbar' using base type 'CEGUI/Scrollbar', window renderer 'Core/Scrollbar' Look'N'Feel 'TaharezLook/LargeVerticalScrollbar' and RenderEffect ''. (0x7fff5db6fa40)
02/04/2015 23:16:50 (Std) 	Creating falagard mapping for type 'TaharezLook/LargeVerticalScrollbarThumb' using base type 'CEGUI/Thumb', window renderer 'Core/Button' Look'N'Feel 'TaharezLook/LargeVerticalScrollbarThumb' and RenderEffect ''. (0x7fff5db6fa40)
02/04/2015 23:16:50 (Std) 	Creating falagard mapping for type 'TaharezLook/TabButton' using base type 'CEGUI/TabButton', window renderer 'Core/TabButton' Look'N'Feel 'TaharezLook/TabButton' and RenderEffect ''. (0x7fff5db6fa40)
02/04/2015 23:16:50 (Std) 	Creating falagard mapping for type 'TaharezLook/TabControl' using base type 'CEGUI/TabControl', window renderer 'Core/TabControl' Look'N'Feel 'TaharezLook/TabControl' and RenderEffect ''. (0x7fff5db6fa40)
02/04/2015 23:16:50 (Std) 	Creating falagard mapping for type 'TaharezLook/TabContentPane' using base type 'DefaultWindow', window renderer 'Core/Default' Look'N'Feel 'TaharezLook/TabContentPane' and RenderEffect ''. (0x7fff5db6fa40)
02/04/2015 23:16:50 (Std) 	Creating falagard mapping for type 'TaharezLook/TabButtonPane' using base type 'DefaultWindow', window renderer 'Core/Default' Look'N'Feel 'TaharezLook/TabButtonPane' and RenderEffect ''. (0x7fff5db6fa40)
02/04/2015 23:16:50 (Std) 	Creating falagard mapping for type 'TaharezLook/ComboDropList' using base type 'CEGUI/ComboDropList', window renderer 'Core/Listbox' Look'N'Feel 'TaharezLook/ComboDropList' and RenderEffect ''. (0x7fff5db6fa40)
02/04/2015 23:16:50 (Std) 	Creating falagard mapping for type 'TaharezLook/ComboEditbox' using base type 'CEGUI/Editbox', window renderer 'Core/Editbox' Look'N'Feel 'TaharezLook/ComboEditbox' and RenderEffect ''. (0x7fff5db6fa40)
02/04/2015 23:16:50 (Std) 	Creating falagard mapping for type 'TaharezLook/Combobox' using base type 'CEGUI/Combobox', window renderer 'Core/Default' Look'N'Feel 'TaharezLook/Combobox' and RenderEffect ''. (0x7fff5db6fa40)
02/04/2015 23:16:50 (Std) 	Creating falagard mapping for type 'TaharezLook/Listbox' using base type 'CEGUI/Listbox', window renderer 'Core/Listbox' Look'N'Feel 'TaharezLook/Listbox' and RenderEffect ''. (0x7fff5db6fa40)
02/04/2015 23:16:50 (Std) 	Creating falagard mapping for type 'TaharezLook/ListHeader' using base type 'CEGUI/ListHeader', window renderer 'Core/ListHeader' Look'N'Feel 'TaharezLook/ListHeader' and RenderEffect ''. (0x7fff5db6fa40)
02/04/2015 23:16:50 (Std) 	Creating falagard mapping for type 'TaharezLook/ListHeaderSegment' using base type 'CEGUI/ListHeaderSegment', window renderer 'Core/ListHeaderSegment' Look'N'Feel 'TaharezLook/ListHeaderSegment' and RenderEffect ''. (0x7fff5db6fa40)
02/04/2015 23:16:50 (Std) 	Creating falagard mapping for type 'TaharezLook/MultiColumnList' using base type 'CEGUI/MultiColumnList', window renderer 'Core/MultiColumnList' Look'N'Feel 'TaharezLook/MultiColumnList' and RenderEffect ''. (0x7fff5db6fa40)
02/04/2015 23:16:50 (Std) 	Creating falagard mapping for type 'TaharezLook/Slider' using base type 'CEGUI/Slider', window renderer 'Core/Slider' Look'N'Feel 'TaharezLook/Slider' and RenderEffect ''. (0x7fff5db6fa40)
02/04/2015 23:16:50 (Std) 	Creating falagard mapping for type 'TaharezLook/SliderThumb' using base type 'CEGUI/Thumb', window renderer 'Core/Button' Look'N'Feel 'TaharezLook/SliderThumb' and RenderEffect ''. (0x7fff5db6fa40)
02/04/2015 23:16:50 (Std) 	Creating falagard mapping for type 'TaharezLook/ScrollablePane' using base type 'CEGUI/ScrollablePane', window renderer 'Core/ScrollablePane' Look'N'Feel 'TaharezLook/ScrollablePane' and RenderEffect ''. (0x7fff5db6fa40)
02/04/2015 23:16:50 (Std) 	Creating falagard mapping for type 'TaharezLook/Spinner' using base type 'CEGUI/Spinner', window renderer 'Core/Default' Look'N'Feel 'TaharezLook/Spinner' and RenderEffect ''. (0x7fff5db6fa40)
02/04/2015 23:16:50 (Std) 	Creating falagard mapping for type 'TaharezLook/Tooltip' using base type 'CEGUI/Tooltip', window renderer 'Core/Tooltip' Look'N'Feel 'TaharezLook/Tooltip' and RenderEffect ''. (0x7fff5db6fa40)
02/04/2015 23:16:50 (Std) 	Creating falagard mapping for type 'TaharezLook/StaticImage' using base type 'DefaultWindow', window renderer 'Core/StaticImage' Look'N'Feel 'TaharezLook/StaticImage' and RenderEffect ''. (0x7fff5db6fa40)
02/04/2015 23:16:50 (Std) 	Creating falagard mapping for type 'TaharezLook/StaticText' using base type 'DefaultWindow', window renderer 'Core/StaticText' Look'N'Feel 'TaharezLook/StaticText' and RenderEffect ''. (0x7fff5db6fa40)
02/04/2015 23:16:50 (Std) 	Creating falagard mapping for type 'TaharezLook/ItemListbox' using base type 'CEGUI/ItemListbox', window renderer 'Core/ItemListbox' Look'N'Feel 'TaharezLook/ItemListbox' and RenderEffect ''. (0x7fff5db6fa40)
02/04/2015 23:16:50 (Std) 	Creating falagard mapping for type 'TaharezLook/ListboxItem' using base type 'CEGUI/ItemEntry', window renderer 'Core/ItemEntry' Look'N'Feel 'TaharezLook/ListboxItem' and RenderEffect ''. (0x7fff5db6fa40)
02/04/2015 23:16:50 (Std) 	Creating falagard mapping for type 'TaharezLook/GroupBox' using base type 'DefaultWindow', window renderer 'Core/Default' Look'N'Feel 'TaharezLook/GroupBox' and RenderEffect ''. (0x7fff5db6fa40)
02/04/2015 23:16:50 (Std) 	Creating falagard mapping for type 'TaharezLook/Tree' using base type 'CEGUI/Tree', window renderer 'Core/Tree' Look'N'Feel 'TaharezLook/Tree' and RenderEffect ''. (0x7fff5db6fa40)
02/04/2015 23:16:50 (Std) 	Started creation of Scheme from XML specification:
02/04/2015 23:16:50 (Std) 	---- CEGUI GUIScheme name: TaharezLook
02/04/2015 23:16:50 (Std) 	---- Returning existing instance of Scheme named 'TaharezLook'.
02/04/2015 23:16:50 (Std) 	[OgreRenderer] Created texture: DejaVuSans-12_auto_glyph_images_32
